TN:
SF:src/index.ts
FN:65,useScrollTracker
FN:147,(anonymous_13)
FN:165,(anonymous_14)
FN:242,(anonymous_15)
FN:293,(anonymous_16)
FN:303,(anonymous_17)
FN:335,(anonymous_18)
FN:377,(anonymous_19)
FN:383,(anonymous_20)
FN:392,(anonymous_21)
FN:412,(anonymous_22)
FN:433,(anonymous_23)
FN:472,(anonymous_24)
FN:542,(anonymous_25)
FNF:14
FNH:3
FNDA:2,useScrollTracker
FNDA:0,(anonymous_13)
FNDA:0,(anonymous_14)
FNDA:0,(anonymous_15)
FNDA:0,(anonymous_16)
FNDA:0,(anonymous_17)
FNDA:0,(anonymous_18)
FNDA:2,(anonymous_19)
FNDA:0,(anonymous_20)
FNDA:0,(anonymous_21)
FNDA:2,(anonymous_22)
FNDA:0,(anonymous_23)
FNDA:0,(anonymous_24)
FNDA:0,(anonymous_25)
DA:1,1
DA:2,4
DA:9,1
DA:18,1
DA:25,1
DA:65,1
DA:66,3
DA:72,2
DA:76,2
DA:79,2
DA:80,2
DA:83,2
DA:86,2
DA:89,2
DA:92,2
DA:105,16
DA:110,2
DA:113,2
DA:114,2
DA:115,2
DA:119,2
DA:120,2
DA:121,2
DA:122,2
DA:123,2
DA:124,2
DA:136,2
DA:147,2
DA:148,0
DA:149,0
DA:150,0
DA:164,2
DA:167,0
DA:170,0
DA:173,0
DA:174,0
DA:175,0
DA:178,0
DA:179,0
DA:182,0
DA:183,0
DA:187,0
DA:190,0
DA:193,0
DA:194,0
DA:199,0
DA:206,0
DA:212,0
DA:213,0
DA:225,0
DA:226,0
DA:227,0
DA:230,0
DA:239,0
DA:242,0
DA:244,0
DA:255,0
DA:261,0
DA:264,0
DA:293,2
DA:297,0
DA:302,0
DA:303,0
DA:305,0
DA:306,0
DA:312,0
DA:316,0
DA:328,0
DA:329,0
DA:330,0
DA:331,0
DA:335,0
DA:337,0
DA:344,0
DA:347,0
DA:375,2
DA:377,2
DA:378,2
DA:382,2
DA:384,0
DA:388,0
DA:392,0
DA:393,0
DA:394,0
DA:412,2
DA:414,2
DA:417,2
DA:418,2
DA:422,0
DA:423,0
DA:424,0
DA:427,0
DA:429,0
DA:433,0
DA:444,0
DA:448,0
DA:450,0
DA:451,0
DA:454,0
DA:463,0
DA:469,0
DA:472,0
DA:474,0
DA:475,0
DA:478,0
DA:479,0
DA:482,0
DA:496,2
DA:542,1
DA:543,0
DA:544,0
DA:547,0
DA:550,0
DA:553,1
LF:114
LH:41
BRDA:66,0,0,1
BRDA:72,1,0,1
BRDA:72,1,1,1
BRDA:76,2,0,1
BRDA:76,2,1,1
BRDA:79,3,0,1
BRDA:79,3,1,1
BRDA:80,4,0,2
BRDA:80,4,1,0
BRDA:83,5,0,2
BRDA:83,5,1,0
BRDA:86,6,0,2
BRDA:86,6,1,0
BRDA:89,7,0,2
BRDA:89,7,1,0
BRDA:92,8,0,2
BRDA:92,8,1,0
BRDA:148,9,0,0
BRDA:167,10,0,0
BRDA:167,11,0,0
BRDA:167,11,1,0
BRDA:217,12,0,0
BRDA:217,12,1,0
BRDA:255,13,0,0
BRDA:256,14,0,0
BRDA:256,14,1,0
BRDA:256,14,2,0
BRDA:256,14,3,0
BRDA:297,15,0,0
BRDA:297,16,0,0
BRDA:297,16,1,0
BRDA:297,16,2,0
BRDA:337,17,0,0
BRDA:338,18,0,0
BRDA:338,18,1,0
BRDA:338,18,2,0
BRDA:384,19,0,0
BRDA:384,20,0,0
BRDA:384,20,1,0
BRDA:388,21,0,0
BRDA:388,21,1,0
BRDA:388,22,0,0
BRDA:388,22,1,0
BRDA:393,23,0,0
BRDA:394,24,0,0
BRDA:394,24,1,0
BRDA:394,25,0,0
BRDA:394,25,1,0
BRDA:414,26,0,0
BRDA:414,27,0,2
BRDA:414,27,1,2
BRDA:418,28,0,2
BRDA:422,29,0,0
BRDA:422,29,1,0
BRDA:422,30,0,0
BRDA:422,30,1,0
BRDA:423,31,0,0
BRDA:423,31,1,0
BRDA:423,32,0,0
BRDA:423,32,1,0
BRDA:427,33,0,0
BRDA:439,34,0,0
BRDA:439,34,1,0
BRDA:439,35,0,0
BRDA:439,35,1,0
BRDA:439,36,0,0
BRDA:439,36,1,0
BRDA:448,37,0,0
BRDA:463,38,0,0
BRDA:463,38,1,0
BRDA:474,39,0,0
BRDA:474,39,1,0
BRDA:474,40,0,0
BRDA:474,40,1,0
BRDA:475,41,0,0
BRDA:475,41,1,0
BRDA:475,42,0,0
BRDA:475,42,1,0
BRF:78
BRH:15
end_of_record
TN:
SF:src/utils/calculations.ts
FN:13,calculateVisibility
FN:33,calculateDimensions
FN:63,calculatePositions
FN:112,calculateThresholds
FN:117,(anonymous_7)
FN:130,(anonymous_8)
FN:153,(anonymous_9)
FN:166,calculateDynamics
FN:209,calculateEntryMetrics
FN:243,cubicBezier
FN:253,(anonymous_13)
FN:254,(anonymous_14)
FN:270,detectDirection
FN:281,getDefaultEntryDirection
FNF:14
FNH:12
FNDA:3,calculateVisibility
FNDA:2,calculateDimensions
FNDA:2,calculatePositions
FNDA:1,calculateThresholds
FNDA:4,(anonymous_7)
FNDA:5,(anonymous_8)
FNDA:5,(anonymous_9)
FNDA:1,calculateDynamics
FNDA:3,calculateEntryMetrics
FNDA:1,cubicBezier
FNDA:2,(anonymous_13)
FNDA:1,(anonymous_14)
FNDA:0,detectDirection
FNDA:0,getDefaultEntryDirection
DA:13,1
DA:15,3
DA:18,3
DA:19,3
DA:20,3
DA:22,3
DA:33,1
DA:39,2
DA:42,2
DA:43,2
DA:46,2
DA:47,2
DA:49,2
DA:63,1
DA:67,3
DA:68,3
DA:71,2
DA:72,2
DA:75,2
DA:76,2
DA:77,2
DA:84,2
DA:85,2
DA:91,2
DA:97,2
DA:99,2
DA:112,1
DA:117,4
DA:120,1
DA:123,1
DA:130,1
DA:135,5
DA:136,5
DA:137,5
DA:140,5
DA:143,5
DA:144,3
DA:149,1
DA:150,1
DA:153,5
DA:154,1
DA:156,0
DA:157,0
DA:160,1
DA:166,1
DA:173,1
DA:174,1
DA:177,1
DA:180,1
DA:181,1
DA:184,1
DA:187,1
DA:188,1
DA:189,1
DA:190,1
DA:193,1
DA:194,1
DA:196,1
DA:209,1
DA:216,3
DA:219,3
DA:220,1
DA:221,1
DA:222,1
DA:226,3
DA:227,1
DA:231,3
DA:232,2
DA:233,1
DA:234,1
DA:237,3
DA:243,1
DA:245,1
DA:246,1
DA:247,1
DA:249,1
DA:250,1
DA:251,1
DA:253,2
DA:254,1
DA:257,1
DA:258,1
DA:259,2
DA:260,2
DA:261,1
DA:264,1
DA:270,1
DA:274,0
DA:275,0
DA:281,1
DA:282,0
DA:283,0
DA:284,0
LF:93
LH:86
BRDA:18,0,0,3
BRDA:18,0,1,2
BRDA:39,1,0,2
BRDA:39,1,1,1
BRDA:46,2,0,2
BRDA:46,2,1,0
BRDA:47,3,0,2
BRDA:47,3,1,0
BRDA:67,4,0,1
BRDA:68,5,0,1
BRDA:85,6,0,2
BRDA:85,6,1,0
BRDA:143,7,0,3
BRDA:149,8,0,1
BRDA:149,8,1,0
BRDA:153,9,0,5
BRDA:153,9,1,0
BRDA:154,10,0,1
BRDA:154,10,1,0
BRDA:157,11,0,0
BRDA:157,11,1,0
BRDA:173,12,0,0
BRDA:174,13,0,0
BRDA:190,14,0,0
BRDA:190,14,1,1
BRDA:219,15,0,1
BRDA:219,16,0,3
BRDA:219,16,1,2
BRDA:220,17,0,1
BRDA:220,17,1,0
BRDA:226,18,0,1
BRDA:226,19,0,3
BRDA:226,19,1,1
BRDA:227,20,0,1
BRDA:227,20,1,0
BRDA:231,21,0,2
BRDA:231,21,1,1
BRDA:231,22,0,3
BRDA:231,22,1,2
BRDA:233,23,0,1
BRDA:260,24,0,1
BRDA:274,25,0,0
BRDA:275,26,0,0
BRDA:275,26,1,0
BRDA:284,27,0,0
BRDA:284,27,1,0
BRF:46
BRH:28
end_of_record
TN:
SF:src/utils/initialState.ts
FNF:0
FNH:0
DA:6,1
LF:1
LH:1
BRF:0
BRH:0
end_of_record
TN:
SF:src/utils/performance.ts
FN:6,debounce
FN:9,(anonymous_1)
FN:14,(anonymous_2)
FN:25,throttle
FN:30,(anonymous_4)
FN:39,(anonymous_5)
FN:44,(anonymous_6)
FN:58,rafThrottle
FN:62,(anonymous_8)
FN:62,(anonymous_9)
FN:68,(anonymous_10)
FN:76,(anonymous_11)
FN:89,isBrowser
FN:96,hasIntersectionObserver
FN:103,hasResizeObserver
FNF:15
FNH:2
FNDA:2,debounce
FNDA:0,(anonymous_1)
FNDA:0,(anonymous_2)
FNDA:0,throttle
FNDA:0,(anonymous_4)
FNDA:0,(anonymous_5)
FNDA:0,(anonymous_6)
FNDA:0,rafThrottle
FNDA:0,(anonymous_8)
FNDA:0,(anonymous_9)
FNDA:0,(anonymous_10)
FNDA:0,(anonymous_11)
FNDA:2,isBrowser
FNDA:0,hasIntersectionObserver
FNDA:0,hasResizeObserver
DA:6,1
DA:7,2
DA:9,2
DA:11,0
DA:12,0
DA:14,0
DA:15,0
DA:25,1
DA:26,0
DA:30,0
DA:32,0
DA:34,0
DA:35,0
DA:36,0
DA:37,0
DA:39,0
DA:40,0
DA:43,0
DA:44,0
DA:45,0
DA:46,0
DA:47,0
DA:58,1
DA:59,0
DA:62,0
DA:63,0
DA:64,0
DA:68,0
DA:69,0
DA:70,0
DA:71,0
DA:76,0
DA:77,0
DA:78,0
DA:79,0
DA:83,0
DA:89,1
DA:90,2
DA:96,1
DA:97,0
DA:103,1
DA:104,0
LF:42
LH:9
BRDA:12,0,0,0
BRDA:34,1,0,0
BRDA:34,1,1,0
BRDA:45,2,0,0
BRDA:70,3,0,0
BRDA:77,4,0,0
BRDA:97,5,0,0
BRDA:97,5,1,0
BRDA:104,6,0,0
BRDA:104,6,1,0
BRF:10
BRH:0
end_of_record
