<?xml version="1.0" encoding="UTF-8"?>
<coverage generated="1741977984752" clover="3.2.0">
  <project timestamp="1741977984752" name="All files">
    <metrics statements="88" coveredstatements="60" conditionals="23" coveredconditionals="10" methods="17" coveredmethods="9" elements="128" coveredelements="79" complexity="0" loc="88" ncloc="88" packages="1" files="2" classes="2"/>
    <file name="FuzzyTrieClass.ts" path="/Users/conor/Development/Crucai/packages/useFuzzyFilter/src/FuzzyTrieClass.ts">
      <metrics statements="60" coveredstatements="60" conditionals="11" coveredconditionals="10" methods="9" coveredmethods="9"/>
      <line num="78" count="1" type="stmt"/>
      <line num="80" count="7" type="stmt"/>
      <line num="87" count="1" type="stmt"/>
      <line num="90" count="27" type="cond" truecount="0" falsecount="1"/>
      <line num="92" count="27" type="cond" truecount="1" falsecount="0"/>
      <line num="93" count="19" type="cond" truecount="1" falsecount="0"/>
      <line num="94" count="3" type="stmt"/>
      <line num="96" count="19" type="stmt"/>
      <line num="97" count="19" type="stmt"/>
      <line num="100" count="19" type="cond" truecount="1" falsecount="0"/>
      <line num="101" count="5" type="stmt"/>
      <line num="103" count="14" type="stmt"/>
      <line num="104" count="14" type="stmt"/>
      <line num="105" count="83" type="stmt"/>
      <line num="109" count="14" type="stmt"/>
      <line num="110" count="14" type="stmt"/>
      <line num="114" count="59" type="stmt"/>
      <line num="115" count="59" type="stmt"/>
      <line num="116" count="59" type="stmt"/>
      <line num="119" count="59" type="stmt"/>
      <line num="120" count="59" type="stmt"/>
      <line num="124" count="290" type="stmt"/>
      <line num="125" count="290" type="cond" truecount="2" falsecount="0"/>
      <line num="126" count="290" type="stmt"/>
      <line num="127" count="290" type="stmt"/>
      <line num="129" count="290" type="stmt"/>
      <line num="131" count="290" type="stmt"/>
      <line num="137" count="290" type="stmt"/>
      <line num="144" count="59" type="cond" truecount="1" falsecount="0"/>
      <line num="145" count="11" type="stmt"/>
      <line num="149" count="48" type="stmt"/>
      <line num="153" count="3" type="stmt"/>
      <line num="157" count="1" type="stmt"/>
      <line num="158" count="13" type="stmt"/>
      <line num="159" count="13" type="stmt"/>
      <line num="162" count="72" type="stmt"/>
      <line num="163" count="72" type="cond" truecount="1" falsecount="0"/>
      <line num="164" count="65" type="stmt"/>
      <line num="170" count="72" type="stmt"/>
      <line num="174" count="13" type="stmt"/>
      <line num="175" count="13" type="stmt"/>
      <line num="182" count="22" type="cond" truecount="1" falsecount="0"/>
      <line num="183" count="13" type="stmt"/>
      <line num="188" count="13" type="stmt"/>
      <line num="191" count="13" type="stmt"/>
      <line num="196" count="154" type="cond" truecount="1" falsecount="0"/>
      <line num="197" count="26" type="stmt"/>
      <line num="198" count="27" type="stmt"/>
      <line num="200" count="27" type="stmt"/>
      <line num="207" count="27" type="cond" truecount="1" falsecount="0"/>
      <line num="208" count="11" type="stmt"/>
      <line num="219" count="154" type="stmt"/>
      <line num="220" count="141" type="stmt"/>
      <line num="225" count="13" type="stmt"/>
      <line num="228" count="13" type="stmt"/>
      <line num="229" count="1" type="stmt"/>
      <line num="230" count="11" type="stmt"/>
      <line num="233" count="13" type="stmt"/>
      <line num="235" count="1" type="stmt"/>
      <line num="237" count="1" type="stmt"/>
    </file>
    <file name="index.ts" path="/Users/conor/Development/Crucai/packages/useFuzzyFilter/src/index.ts">
      <metrics statements="28" coveredstatements="0" conditionals="12" coveredconditionals="0" methods="8" coveredmethods="0"/>
      <line num="1" count="0" type="stmt"/>
      <line num="2" count="0" type="stmt"/>
      <line num="21" count="0" type="cond" truecount="0" falsecount="2"/>
      <line num="22" count="0" type="stmt"/>
      <line num="23" count="0" type="cond" truecount="0" falsecount="2"/>
      <line num="24" count="0" type="cond" truecount="0" falsecount="2"/>
      <line num="25" count="0" type="cond" truecount="0" falsecount="2"/>
      <line num="26" count="0" type="cond" truecount="0" falsecount="2"/>
      <line num="28" count="0" type="stmt"/>
      <line num="29" count="0" type="stmt"/>
      <line num="31" count="0" type="stmt"/>
      <line num="32" count="0" type="stmt"/>
      <line num="33" count="0" type="stmt"/>
      <line num="34" count="0" type="stmt"/>
      <line num="38" count="0" type="stmt"/>
      <line num="40" count="0" type="stmt"/>
      <line num="41" count="0" type="cond" truecount="0" falsecount="1"/>
      <line num="42" count="0" type="stmt"/>
      <line num="43" count="0" type="stmt"/>
      <line num="45" count="0" type="stmt"/>
      <line num="49" count="0" type="stmt"/>
      <line num="54" count="0" type="stmt"/>
      <line num="62" count="0" type="stmt"/>
      <line num="63" count="0" type="cond" truecount="0" falsecount="1"/>
      <line num="64" count="0" type="stmt"/>
      <line num="66" count="0" type="stmt"/>
      <line num="67" count="0" type="stmt"/>
      <line num="72" count="0" type="stmt"/>
    </file>
  </project>
</coverage>
