{"/Users/conor/Development/Crucai/packages/useFuzzyFilter/src/FuzzyTrieClass.ts": {"path":"/Users/conor/Development/Crucai/packages/useFuzzyFilter/src/FuzzyTrieClass.ts","statementMap":{"0":{"start":{"line":78,"column":0},"end":{"line":78,"column":null}},"1":{"start":{"line":80,"column":10},"end":{"line":84,"column":4}},"2":{"start":{"line":87,"column":10},"end":{"line":154,"column":null}},"3":{"start":{"line":90,"column":4},"end":{"line":90,"column":null}},"4":{"start":{"line":92,"column":4},"end":{"line":92,"column":47}},"5":{"start":{"line":92,"column":38},"end":{"line":92,"column":47}},"6":{"start":{"line":93,"column":4},"end":{"line":94,"column":36}},"7":{"start":{"line":94,"column":6},"end":{"line":94,"column":36}},"8":{"start":{"line":96,"column":30},"end":{"line":96,"column":48}},"9":{"start":{"line":97,"column":31},"end":{"line":97,"column":50}},"10":{"start":{"line":100,"column":4},"end":{"line":101,"column":36}},"11":{"start":{"line":101,"column":6},"end":{"line":101,"column":36}},"12":{"start":{"line":103,"column":30},"end":{"line":103,"column":62}},"13":{"start":{"line":104,"column":4},"end":{"line":106,"column":5}},"14":{"start":{"line":104,"column":17},"end":{"line":104,"column":18}},"15":{"start":{"line":105,"column":6},"end":{"line":105,"column":33}},"16":{"start":{"line":109,"column":4},"end":{"line":150,"column":5}},"17":{"start":{"line":110,"column":25},"end":{"line":110,"column":26}},"18":{"start":{"line":114,"column":33},"end":{"line":114,"column":47}},"19":{"start":{"line":115,"column":31},"end":{"line":115,"column":72}},"20":{"start":{"line":116,"column":33},"end":{"line":116,"column":45}},"21":{"start":{"line":119,"column":6},"end":{"line":141,"column":7}},"22":{"start":{"line":120,"column":27},"end":{"line":120,"column":28}},"23":{"start":{"line":124,"column":32},"end":{"line":124,"column":72}},"24":{"start":{"line":125,"column":33},"end":{"line":125,"column":77}},"25":{"start":{"line":126,"column":30},"end":{"line":126,"column":70}},"26":{"start":{"line":127,"column":29},"end":{"line":127,"column":66}},"27":{"start":{"line":129,"column":10},"end":{"line":129,"column":66}},"28":{"start":{"line":131,"column":8},"end":{"line":135,"column":10}},"29":{"start":{"line":137,"column":8},"end":{"line":140,"column":10}},"30":{"start":{"line":144,"column":6},"end":{"line":146,"column":7}},"31":{"start":{"line":145,"column":8},"end":{"line":145,"column":38}},"32":{"start":{"line":149,"column":6},"end":{"line":149,"column":47}},"33":{"start":{"line":153,"column":4},"end":{"line":153,"column":50}},"34":{"start":{"line":157,"column":2},"end":{"line":179,"column":null}},"35":{"start":{"line":158,"column":22},"end":{"line":158,"column":35}},"36":{"start":{"line":159,"column":35},"end":{"line":159,"column":61}},"37":{"start":{"line":162,"column":4},"end":{"line":171,"column":5}},"38":{"start":{"line":162,"column":30},"end":{"line":162,"column":52}},"39":{"start":{"line":162,"column":26},"end":{"line":162,"column":30}},"40":{"start":{"line":163,"column":6},"end":{"line":169,"column":7}},"41":{"start":{"line":164,"column":8},"end":{"line":168,"column":11}},"42":{"start":{"line":170,"column":6},"end":{"line":170,"column":61}},"43":{"start":{"line":174,"column":4},"end":{"line":174,"column":38}},"44":{"start":{"line":175,"column":4},"end":{"line":178,"column":7}},"45":{"start":{"line":182,"column":2},"end":{"line":234,"column":null}},"46":{"start":{"line":182,"column":2},"end":{"line":182,"column":13}},"47":{"start":{"line":182,"column":35},"end":{"line":182,"column":null}},"48":{"start":{"line":183,"column":28},"end":{"line":183,"column":53}},"49":{"start":{"line":188,"column":9},"end":{"line":188,"column":11}},"50":{"start":{"line":191,"column":30},"end":{"line":222,"column":5}},"51":{"start":{"line":196,"column":6},"end":{"line":216,"column":7}},"52":{"start":{"line":197,"column":8},"end":{"line":215,"column":10}},"53":{"start":{"line":198,"column":23},"end":{"line":198,"column":25}},"54":{"start":{"line":198,"column":47},"end":{"line":198,"column":49}},"55":{"start":{"line":200,"column":39},"end":{"line":203,"column":null}},"56":{"start":{"line":207,"column":12},"end":{"line":213,"column":13}},"57":{"start":{"line":208,"column":14},"end":{"line":212,"column":17}},"58":{"start":{"line":219,"column":6},"end":{"line":221,"column":9}},"59":{"start":{"line":220,"column":8},"end":{"line":220,"column":66}},"60":{"start":{"line":225,"column":4},"end":{"line":225,"column":41}},"61":{"start":{"line":228,"column":31},"end":{"line":230,"column":42}},"62":{"start":{"line":229,"column":22},"end":{"line":229,"column":68}},"63":{"start":{"line":230,"column":23},"end":{"line":230,"column":42}},"64":{"start":{"line":233,"column":4},"end":{"line":233,"column":30}},"65":{"start":{"line":235,"column":0},"end":{"line":235,"column":null}},"66":{"start":{"line":237,"column":9},"end":{"line":237,"column":18}}},"fnMap":{"0":{"name":"(anonymous_0)","decl":{"start":{"line":78,"column":0},"end":{"line":78,"column":null}},"loc":{"start":{"line":78,"column":0},"end":{"line":235,"column":null}}},"1":{"name":"(anonymous_2)","decl":{"start":{"line":87,"column":2},"end":{"line":87,"column":10}},"loc":{"start":{"line":90,"column":41},"end":{"line":154,"column":3}}},"2":{"name":"(anonymous_3)","decl":{"start":{"line":157,"column":2},"end":{"line":157,"column":15}},"loc":{"start":{"line":157,"column":50},"end":{"line":179,"column":3}}},"3":{"name":"(anonymous_4)","decl":{"start":{"line":182,"column":2},"end":{"line":182,"column":13}},"loc":{"start":{"line":182,"column":65},"end":{"line":234,"column":3}}},"4":{"name":"(anonymous_5)","decl":{"start":{"line":191,"column":30},"end":{"line":191,"column":null}},"loc":{"start":{"line":193,"column":27},"end":{"line":222,"column":5}}},"5":{"name":"(anonymous_6)","decl":{"start":{"line":198,"column":10},"end":{"line":198,"column":11}},"loc":{"start":{"line":198,"column":49},"end":{"line":214,"column":11}}},"6":{"name":"(anonymous_7)","decl":{"start":{"line":219,"column":37},"end":{"line":219,"column":38}},"loc":{"start":{"line":219,"column":60},"end":{"line":221,"column":7}}},"7":{"name":"(anonymous_8)","decl":{"start":{"line":229,"column":12},"end":{"line":229,"column":13}},"loc":{"start":{"line":229,"column":17},"end":{"line":229,"column":23}}},"8":{"name":"(anonymous_9)","decl":{"start":{"line":230,"column":11},"end":{"line":230,"column":12}},"loc":{"start":{"line":230,"column":18},"end":{"line":230,"column":29}}}},"branchMap":{"0":{"loc":{"start":{"line":90,"column":4},"end":{"line":90,"column":null}},"type":"if","locations":[{"start":{"line":90,"column":4},"end":{"line":90,"column":null}}]},"1":{"loc":{"start":{"line":92,"column":4},"end":{"line":92,"column":47}},"type":"if","locations":[{"start":{"line":92,"column":4},"end":{"line":92,"column":47}}]},"2":{"loc":{"start":{"line":93,"column":4},"end":{"line":94,"column":36}},"type":"if","locations":[{"start":{"line":93,"column":4},"end":{"line":94,"column":36}}]},"3":{"loc":{"start":{"line":100,"column":4},"end":{"line":101,"column":36}},"type":"if","locations":[{"start":{"line":100,"column":4},"end":{"line":101,"column":36}}]},"4":{"loc":{"start":{"line":125,"column":33},"end":{"line":125,"column":77}},"type":"cond-expr","locations":[{"start":{"line":125,"column":72},"end":{"line":125,"column":73}},{"start":{"line":125,"column":76},"end":{"line":125,"column":77}}]},"5":{"loc":{"start":{"line":144,"column":6},"end":{"line":146,"column":7}},"type":"if","locations":[{"start":{"line":144,"column":6},"end":{"line":146,"column":7}}]},"6":{"loc":{"start":{"line":163,"column":6},"end":{"line":169,"column":7}},"type":"if","locations":[{"start":{"line":163,"column":6},"end":{"line":169,"column":7}}]},"7":{"loc":{"start":{"line":182,"column":35},"end":{"line":182,"column":null}},"type":"if","locations":[{"start":{"line":182,"column":35},"end":{"line":182,"column":null}}]},"8":{"loc":{"start":{"line":196,"column":6},"end":{"line":216,"column":7}},"type":"if","locations":[{"start":{"line":196,"column":6},"end":{"line":216,"column":7}}]},"9":{"loc":{"start":{"line":207,"column":12},"end":{"line":213,"column":13}},"type":"if","locations":[{"start":{"line":207,"column":12},"end":{"line":213,"column":13}}]}},"s":{"0":1,"1":7,"2":1,"3":27,"4":27,"5":8,"6":19,"7":3,"8":19,"9":19,"10":19,"11":5,"12":14,"13":14,"14":14,"15":83,"16":14,"17":14,"18":59,"19":59,"20":59,"21":59,"22":59,"23":290,"24":290,"25":290,"26":290,"27":290,"28":290,"29":290,"30":59,"31":11,"32":48,"33":3,"34":1,"35":13,"36":13,"37":13,"38":26,"39":72,"40":72,"41":65,"42":72,"43":13,"44":13,"45":1,"46":13,"47":22,"48":13,"49":13,"50":13,"51":154,"52":26,"53":27,"54":27,"55":27,"56":27,"57":11,"58":154,"59":141,"60":13,"61":13,"62":1,"63":11,"64":13,"65":1,"66":1},"f":{"0":8,"1":27,"2":13,"3":13,"4":154,"5":27,"6":141,"7":1,"8":11},"b":{"0":[0],"1":[8],"2":[3],"3":[5],"4":[44,246],"5":[11],"6":[65],"7":[9],"8":[26],"9":[11]}}
,"/Users/conor/Development/Crucai/packages/useFuzzyFilter/src/index.ts": {"path":"/Users/conor/Development/Crucai/packages/useFuzzyFilter/src/index.ts","statementMap":{"0":{"start":{"line":72,"column":9},"end":{"line":72,"column":23}},"1":{"start":{"line":1,"column":0},"end":{"line":1,"column":61}},"2":{"start":{"line":2,"column":0},"end":{"line":2,"column":45}},"3":{"start":{"line":21,"column":2},"end":{"line":21,"column":7}},"4":{"start":{"line":21,"column":7},"end":{"line":21,"column":null}},"5":{"start":{"line":22,"column":17},"end":{"line":22,"column":null}},"6":{"start":{"line":23,"column":2},"end":{"line":23,"column":12}},"7":{"start":{"line":23,"column":12},"end":{"line":23,"column":null}},"8":{"start":{"line":24,"column":2},"end":{"line":24,"column":17}},"9":{"start":{"line":24,"column":17},"end":{"line":24,"column":null}},"10":{"start":{"line":25,"column":2},"end":{"line":25,"column":13}},"11":{"start":{"line":25,"column":13},"end":{"line":25,"column":null}},"12":{"start":{"line":26,"column":2},"end":{"line":26,"column":12}},"13":{"start":{"line":26,"column":12},"end":{"line":26,"column":null}},"14":{"start":{"line":28,"column":18},"end":{"line":28,"column":44}},"15":{"start":{"line":29,"column":40},"end":{"line":29,"column":57}},"16":{"start":{"line":29,"column":20},"end":{"line":29,"column":22}},"17":{"start":{"line":29,"column":36},"end":{"line":29,"column":40}},"18":{"start":{"line":31,"column":2},"end":{"line":36,"column":31}},"19":{"start":{"line":32,"column":4},"end":{"line":32,"column":41}},"20":{"start":{"line":33,"column":4},"end":{"line":35,"column":7}},"21":{"start":{"line":34,"column":6},"end":{"line":34,"column":65}},"22":{"start":{"line":38,"column":17},"end":{"line":51,"column":null}},"23":{"start":{"line":40,"column":6},"end":{"line":50,"column":null}},"24":{"start":{"line":41,"column":8},"end":{"line":44,"column":9}},"25":{"start":{"line":42,"column":10},"end":{"line":42,"column":29}},"26":{"start":{"line":43,"column":10},"end":{"line":43,"column":17}},"27":{"start":{"line":45,"column":24},"end":{"line":47,"column":31}},"28":{"start":{"line":49,"column":8},"end":{"line":49,"column":32}},"29":{"start":{"line":54,"column":2},"end":{"line":54,"column":33}},"30":{"start":{"line":62,"column":2},"end":{"line":69,"column":4}},"31":{"start":{"line":62,"column":10},"end":{"line":62,"column":20}},"32":{"start":{"line":63,"column":4},"end":{"line":65,"column":5}},"33":{"start":{"line":64,"column":6},"end":{"line":64,"column":26}},"34":{"start":{"line":66,"column":4},"end":{"line":68,"column":14}},"35":{"start":{"line":67,"column":6},"end":{"line":67,"column":20}}},"fnMap":{"0":{"name":"useFuzzyFilter","decl":{"start":{"line":20,"column":9},"end":{"line":20,"column":23}},"loc":{"start":{"line":27,"column":20},"end":{"line":55,"column":1}}},"1":{"name":"(anonymous_1)","decl":{"start":{"line":31,"column":12},"end":{"line":31,"column":null}},"loc":{"start":{"line":31,"column":12},"end":{"line":36,"column":3}}},"2":{"name":"(anonymous_2)","decl":{"start":{"line":33,"column":18},"end":{"line":33,"column":19}},"loc":{"start":{"line":33,"column":23},"end":{"line":35,"column":5}}},"3":{"name":"(anonymous_3)","decl":{"start":{"line":39,"column":4},"end":{"line":39,"column":null}},"loc":{"start":{"line":39,"column":4},"end":{"line":40,"column":14}}},"4":{"name":"(anonymous_4)","decl":{"start":{"line":40,"column":15},"end":{"line":40,"column":16}},"loc":{"start":{"line":40,"column":34},"end":{"line":50,"column":7}}},"5":{"name":"debounce","decl":{"start":{"line":57,"column":9},"end":{"line":57,"column":17}},"loc":{"start":{"line":59,"column":15},"end":{"line":70,"column":1}}},"6":{"name":"(anonymous_6)","decl":{"start":{"line":62,"column":9},"end":{"line":62,"column":10}},"loc":{"start":{"line":62,"column":9},"end":{"line":69,"column":3}}},"7":{"name":"(anonymous_7)","decl":{"start":{"line":66,"column":23},"end":{"line":66,"column":null}},"loc":{"start":{"line":66,"column":23},"end":{"line":68,"column":5}}}},"branchMap":{"0":{"loc":{"start":{"line":21,"column":7},"end":{"line":21,"column":null}},"type":"cond-expr","locations":[{"start":{"line":21,"column":10},"end":{"line":21,"column":12}},{"start":{"line":21,"column":12},"end":{"line":21,"column":null}}]},"1":{"loc":{"start":{"line":23,"column":12},"end":{"line":23,"column":null}},"type":"cond-expr","locations":[{"start":{"line":23,"column":15},"end":{"line":23,"column":18}},{"start":{"line":23,"column":18},"end":{"line":23,"column":null}}]},"2":{"loc":{"start":{"line":24,"column":17},"end":{"line":24,"column":null}},"type":"cond-expr","locations":[{"start":{"line":24,"column":20},"end":{"line":24,"column":21}},{"start":{"line":24,"column":21},"end":{"line":24,"column":null}}]},"3":{"loc":{"start":{"line":25,"column":13},"end":{"line":25,"column":null}},"type":"cond-expr","locations":[{"start":{"line":25,"column":16},"end":{"line":25,"column":17}},{"start":{"line":25,"column":17},"end":{"line":25,"column":null}}]},"4":{"loc":{"start":{"line":26,"column":12},"end":{"line":26,"column":null}},"type":"cond-expr","locations":[{"start":{"line":26,"column":15},"end":{"line":26,"column":17}},{"start":{"line":26,"column":17},"end":{"line":26,"column":null}}]},"5":{"loc":{"start":{"line":41,"column":8},"end":{"line":44,"column":9}},"type":"if","locations":[{"start":{"line":41,"column":8},"end":{"line":44,"column":9}}]},"6":{"loc":{"start":{"line":63,"column":4},"end":{"line":65,"column":5}},"type":"if","locations":[{"start":{"line":63,"column":4},"end":{"line":65,"column":5}}]}},"s":{"0":0,"1":0,"2":0,"3":0,"4":0,"5":0,"6":0,"7":0,"8":0,"9":0,"10":0,"11":0,"12":0,"13":0,"14":0,"15":0,"16":0,"17":0,"18":0,"19":0,"20":0,"21":0,"22":0,"23":0,"24":0,"25":0,"26":0,"27":0,"28":0,"29":0,"30":0,"31":0,"32":0,"33":0,"34":0,"35":0},"f":{"0":0,"1":0,"2":0,"3":0,"4":0,"5":0,"6":0,"7":0},"b":{"0":[0,0],"1":[0,0],"2":[0,0],"3":[0,0],"4":[0,0],"5":[0],"6":[0]}}
}
