TN:
SF:src/FuzzyTrieClass.ts
FN:78,(anonymous_0)
FN:87,(anonymous_2)
FN:157,(anonymous_3)
FN:182,(anonymous_4)
FN:191,(anonymous_5)
FN:198,(anonymous_6)
FN:219,(anonymous_7)
FN:229,(anonymous_8)
FN:230,(anonymous_9)
FNF:9
FNH:9
FNDA:8,(anonymous_0)
FNDA:27,(anonymous_2)
FNDA:13,(anonymous_3)
FNDA:13,(anonymous_4)
FNDA:154,(anonymous_5)
FNDA:27,(anonymous_6)
FNDA:141,(anonymous_7)
FNDA:1,(anonymous_8)
FNDA:11,(anonymous_9)
DA:78,1
DA:80,7
DA:87,1
DA:90,27
DA:92,27
DA:93,19
DA:94,3
DA:96,19
DA:97,19
DA:100,19
DA:101,5
DA:103,14
DA:104,14
DA:105,83
DA:109,14
DA:110,14
DA:114,59
DA:115,59
DA:116,59
DA:119,59
DA:120,59
DA:124,290
DA:125,290
DA:126,290
DA:127,290
DA:129,290
DA:131,290
DA:137,290
DA:144,59
DA:145,11
DA:149,48
DA:153,3
DA:157,1
DA:158,13
DA:159,13
DA:162,72
DA:163,72
DA:164,65
DA:170,72
DA:174,13
DA:175,13
DA:182,22
DA:183,13
DA:188,13
DA:191,13
DA:196,154
DA:197,26
DA:198,27
DA:200,27
DA:207,27
DA:208,11
DA:219,154
DA:220,141
DA:225,13
DA:228,13
DA:229,1
DA:230,11
DA:233,13
DA:235,1
DA:237,1
LF:60
LH:60
BRDA:90,0,0,0
BRDA:92,1,0,8
BRDA:93,2,0,3
BRDA:100,3,0,5
BRDA:125,4,0,44
BRDA:125,4,1,246
BRDA:144,5,0,11
BRDA:163,6,0,65
BRDA:182,7,0,9
BRDA:196,8,0,26
BRDA:207,9,0,11
BRF:11
BRH:10
end_of_record
TN:
SF:src/index.ts
FN:20,useFuzzyFilter
FN:31,(anonymous_1)
FN:33,(anonymous_2)
FN:39,(anonymous_3)
FN:40,(anonymous_4)
FN:57,debounce
FN:62,(anonymous_6)
FN:66,(anonymous_7)
FNF:8
FNH:0
FNDA:0,useFuzzyFilter
FNDA:0,(anonymous_1)
FNDA:0,(anonymous_2)
FNDA:0,(anonymous_3)
FNDA:0,(anonymous_4)
FNDA:0,debounce
FNDA:0,(anonymous_6)
FNDA:0,(anonymous_7)
DA:1,0
DA:2,0
DA:21,0
DA:22,0
DA:23,0
DA:24,0
DA:25,0
DA:26,0
DA:28,0
DA:29,0
DA:31,0
DA:32,0
DA:33,0
DA:34,0
DA:38,0
DA:40,0
DA:41,0
DA:42,0
DA:43,0
DA:45,0
DA:49,0
DA:54,0
DA:62,0
DA:63,0
DA:64,0
DA:66,0
DA:67,0
DA:72,0
LF:28
LH:0
BRDA:21,0,0,0
BRDA:21,0,1,0
BRDA:23,1,0,0
BRDA:23,1,1,0
BRDA:24,2,0,0
BRDA:24,2,1,0
BRDA:25,3,0,0
BRDA:25,3,1,0
BRDA:26,4,0,0
BRDA:26,4,1,0
BRDA:41,5,0,0
BRDA:63,6,0,0
BRF:12
BRH:0
end_of_record
