{"/Users/conor/Development/Crucai/src/index.ts": {"path":"/Users/conor/Development/Crucai/src/index.ts","statementMap":{"0":{"start":{"line":1,"column":0},"end":{"line":1,"column":33}},"1":{"start":{"line":2,"column":0},"end":{"line":2,"column":35}}},"fnMap":{},"branchMap":{},"s":{"0":0,"1":0},"f":{},"b":{}}
,"/Users/conor/Development/Crucai/src/useFuzzyFilter/FuzzyTrieClass.ts": {"path":"/Users/conor/Development/Crucai/src/useFuzzyFilter/FuzzyTrieClass.ts","statementMap":{"0":{"start":{"line":78,"column":0},"end":{"line":78,"column":null}},"1":{"start":{"line":80,"column":10},"end":{"line":84,"column":4}},"2":{"start":{"line":87,"column":10},"end":{"line":154,"column":null}},"3":{"start":{"line":90,"column":4},"end":{"line":90,"column":null}},"4":{"start":{"line":92,"column":4},"end":{"line":92,"column":47}},"5":{"start":{"line":92,"column":38},"end":{"line":92,"column":47}},"6":{"start":{"line":93,"column":4},"end":{"line":94,"column":36}},"7":{"start":{"line":94,"column":6},"end":{"line":94,"column":36}},"8":{"start":{"line":96,"column":30},"end":{"line":96,"column":48}},"9":{"start":{"line":97,"column":31},"end":{"line":97,"column":50}},"10":{"start":{"line":100,"column":4},"end":{"line":101,"column":36}},"11":{"start":{"line":101,"column":6},"end":{"line":101,"column":36}},"12":{"start":{"line":103,"column":30},"end":{"line":103,"column":62}},"13":{"start":{"line":104,"column":4},"end":{"line":106,"column":5}},"14":{"start":{"line":104,"column":17},"end":{"line":104,"column":18}},"15":{"start":{"line":105,"column":6},"end":{"line":105,"column":33}},"16":{"start":{"line":109,"column":4},"end":{"line":150,"column":5}},"17":{"start":{"line":110,"column":25},"end":{"line":110,"column":26}},"18":{"start":{"line":114,"column":33},"end":{"line":114,"column":47}},"19":{"start":{"line":115,"column":31},"end":{"line":115,"column":72}},"20":{"start":{"line":116,"column":33},"end":{"line":116,"column":45}},"21":{"start":{"line":119,"column":6},"end":{"line":141,"column":7}},"22":{"start":{"line":120,"column":27},"end":{"line":120,"column":28}},"23":{"start":{"line":124,"column":32},"end":{"line":124,"column":72}},"24":{"start":{"line":125,"column":33},"end":{"line":125,"column":77}},"25":{"start":{"line":126,"column":30},"end":{"line":126,"column":70}},"26":{"start":{"line":127,"column":29},"end":{"line":127,"column":66}},"27":{"start":{"line":129,"column":10},"end":{"line":129,"column":66}},"28":{"start":{"line":131,"column":8},"end":{"line":135,"column":10}},"29":{"start":{"line":137,"column":8},"end":{"line":140,"column":10}},"30":{"start":{"line":144,"column":6},"end":{"line":146,"column":7}},"31":{"start":{"line":145,"column":8},"end":{"line":145,"column":38}},"32":{"start":{"line":149,"column":6},"end":{"line":149,"column":47}},"33":{"start":{"line":153,"column":4},"end":{"line":153,"column":50}},"34":{"start":{"line":157,"column":2},"end":{"line":179,"column":null}},"35":{"start":{"line":158,"column":22},"end":{"line":158,"column":35}},"36":{"start":{"line":159,"column":35},"end":{"line":159,"column":61}},"37":{"start":{"line":162,"column":4},"end":{"line":171,"column":5}},"38":{"start":{"line":162,"column":30},"end":{"line":162,"column":52}},"39":{"start":{"line":162,"column":26},"end":{"line":162,"column":30}},"40":{"start":{"line":163,"column":6},"end":{"line":169,"column":7}},"41":{"start":{"line":164,"column":8},"end":{"line":168,"column":11}},"42":{"start":{"line":170,"column":6},"end":{"line":170,"column":61}},"43":{"start":{"line":174,"column":4},"end":{"line":174,"column":38}},"44":{"start":{"line":175,"column":4},"end":{"line":178,"column":7}},"45":{"start":{"line":182,"column":2},"end":{"line":234,"column":null}},"46":{"start":{"line":182,"column":2},"end":{"line":182,"column":13}},"47":{"start":{"line":182,"column":35},"end":{"line":182,"column":null}},"48":{"start":{"line":183,"column":28},"end":{"line":183,"column":53}},"49":{"start":{"line":188,"column":9},"end":{"line":188,"column":11}},"50":{"start":{"line":191,"column":30},"end":{"line":222,"column":5}},"51":{"start":{"line":196,"column":6},"end":{"line":216,"column":7}},"52":{"start":{"line":197,"column":8},"end":{"line":215,"column":10}},"53":{"start":{"line":198,"column":23},"end":{"line":198,"column":25}},"54":{"start":{"line":198,"column":47},"end":{"line":198,"column":49}},"55":{"start":{"line":200,"column":39},"end":{"line":203,"column":null}},"56":{"start":{"line":207,"column":12},"end":{"line":213,"column":13}},"57":{"start":{"line":208,"column":14},"end":{"line":212,"column":17}},"58":{"start":{"line":219,"column":6},"end":{"line":221,"column":9}},"59":{"start":{"line":220,"column":8},"end":{"line":220,"column":66}},"60":{"start":{"line":225,"column":4},"end":{"line":225,"column":41}},"61":{"start":{"line":228,"column":31},"end":{"line":230,"column":42}},"62":{"start":{"line":229,"column":22},"end":{"line":229,"column":68}},"63":{"start":{"line":230,"column":23},"end":{"line":230,"column":42}},"64":{"start":{"line":233,"column":4},"end":{"line":233,"column":30}},"65":{"start":{"line":235,"column":0},"end":{"line":235,"column":null}},"66":{"start":{"line":237,"column":9},"end":{"line":237,"column":18}}},"fnMap":{"0":{"name":"(anonymous_0)","decl":{"start":{"line":78,"column":0},"end":{"line":78,"column":null}},"loc":{"start":{"line":78,"column":0},"end":{"line":235,"column":null}}},"1":{"name":"(anonymous_2)","decl":{"start":{"line":87,"column":2},"end":{"line":87,"column":10}},"loc":{"start":{"line":90,"column":41},"end":{"line":154,"column":3}}},"2":{"name":"(anonymous_3)","decl":{"start":{"line":157,"column":2},"end":{"line":157,"column":15}},"loc":{"start":{"line":157,"column":50},"end":{"line":179,"column":3}}},"3":{"name":"(anonymous_4)","decl":{"start":{"line":182,"column":2},"end":{"line":182,"column":13}},"loc":{"start":{"line":182,"column":65},"end":{"line":234,"column":3}}},"4":{"name":"(anonymous_5)","decl":{"start":{"line":191,"column":30},"end":{"line":191,"column":null}},"loc":{"start":{"line":193,"column":27},"end":{"line":222,"column":5}}},"5":{"name":"(anonymous_6)","decl":{"start":{"line":198,"column":10},"end":{"line":198,"column":11}},"loc":{"start":{"line":198,"column":49},"end":{"line":214,"column":11}}},"6":{"name":"(anonymous_7)","decl":{"start":{"line":219,"column":37},"end":{"line":219,"column":38}},"loc":{"start":{"line":219,"column":60},"end":{"line":221,"column":7}}},"7":{"name":"(anonymous_8)","decl":{"start":{"line":229,"column":12},"end":{"line":229,"column":13}},"loc":{"start":{"line":229,"column":17},"end":{"line":229,"column":23}}},"8":{"name":"(anonymous_9)","decl":{"start":{"line":230,"column":11},"end":{"line":230,"column":12}},"loc":{"start":{"line":230,"column":18},"end":{"line":230,"column":29}}}},"branchMap":{"0":{"loc":{"start":{"line":90,"column":4},"end":{"line":90,"column":null}},"type":"if","locations":[{"start":{"line":90,"column":4},"end":{"line":90,"column":null}}]},"1":{"loc":{"start":{"line":92,"column":4},"end":{"line":92,"column":47}},"type":"if","locations":[{"start":{"line":92,"column":4},"end":{"line":92,"column":47}}]},"2":{"loc":{"start":{"line":93,"column":4},"end":{"line":94,"column":36}},"type":"if","locations":[{"start":{"line":93,"column":4},"end":{"line":94,"column":36}}]},"3":{"loc":{"start":{"line":100,"column":4},"end":{"line":101,"column":36}},"type":"if","locations":[{"start":{"line":100,"column":4},"end":{"line":101,"column":36}}]},"4":{"loc":{"start":{"line":125,"column":33},"end":{"line":125,"column":77}},"type":"cond-expr","locations":[{"start":{"line":125,"column":72},"end":{"line":125,"column":73}},{"start":{"line":125,"column":76},"end":{"line":125,"column":77}}]},"5":{"loc":{"start":{"line":144,"column":6},"end":{"line":146,"column":7}},"type":"if","locations":[{"start":{"line":144,"column":6},"end":{"line":146,"column":7}}]},"6":{"loc":{"start":{"line":163,"column":6},"end":{"line":169,"column":7}},"type":"if","locations":[{"start":{"line":163,"column":6},"end":{"line":169,"column":7}}]},"7":{"loc":{"start":{"line":182,"column":35},"end":{"line":182,"column":null}},"type":"if","locations":[{"start":{"line":182,"column":35},"end":{"line":182,"column":null}}]},"8":{"loc":{"start":{"line":196,"column":6},"end":{"line":216,"column":7}},"type":"if","locations":[{"start":{"line":196,"column":6},"end":{"line":216,"column":7}}]},"9":{"loc":{"start":{"line":207,"column":12},"end":{"line":213,"column":13}},"type":"if","locations":[{"start":{"line":207,"column":12},"end":{"line":213,"column":13}}]}},"s":{"0":1,"1":7,"2":1,"3":27,"4":27,"5":8,"6":19,"7":3,"8":19,"9":19,"10":19,"11":5,"12":14,"13":14,"14":14,"15":83,"16":14,"17":14,"18":59,"19":59,"20":59,"21":59,"22":59,"23":290,"24":290,"25":290,"26":290,"27":290,"28":290,"29":290,"30":59,"31":11,"32":48,"33":3,"34":1,"35":13,"36":13,"37":13,"38":26,"39":72,"40":72,"41":65,"42":72,"43":13,"44":13,"45":1,"46":13,"47":22,"48":13,"49":13,"50":13,"51":154,"52":26,"53":27,"54":27,"55":27,"56":27,"57":11,"58":154,"59":141,"60":13,"61":13,"62":1,"63":11,"64":13,"65":1,"66":1},"f":{"0":8,"1":27,"2":13,"3":13,"4":154,"5":27,"6":141,"7":1,"8":11},"b":{"0":[0],"1":[8],"2":[3],"3":[5],"4":[44,246],"5":[11],"6":[65],"7":[9],"8":[26],"9":[11]}}
,"/Users/conor/Development/Crucai/src/useFuzzyFilter/index.ts": {"path":"/Users/conor/Development/Crucai/src/useFuzzyFilter/index.ts","statementMap":{"0":{"start":{"line":72,"column":9},"end":{"line":72,"column":23}},"1":{"start":{"line":1,"column":0},"end":{"line":1,"column":61}},"2":{"start":{"line":2,"column":0},"end":{"line":2,"column":45}},"3":{"start":{"line":21,"column":2},"end":{"line":21,"column":7}},"4":{"start":{"line":21,"column":7},"end":{"line":21,"column":null}},"5":{"start":{"line":22,"column":17},"end":{"line":22,"column":null}},"6":{"start":{"line":23,"column":2},"end":{"line":23,"column":12}},"7":{"start":{"line":23,"column":12},"end":{"line":23,"column":null}},"8":{"start":{"line":24,"column":2},"end":{"line":24,"column":17}},"9":{"start":{"line":24,"column":17},"end":{"line":24,"column":null}},"10":{"start":{"line":25,"column":2},"end":{"line":25,"column":13}},"11":{"start":{"line":25,"column":13},"end":{"line":25,"column":null}},"12":{"start":{"line":26,"column":2},"end":{"line":26,"column":12}},"13":{"start":{"line":26,"column":12},"end":{"line":26,"column":null}},"14":{"start":{"line":28,"column":18},"end":{"line":28,"column":44}},"15":{"start":{"line":29,"column":40},"end":{"line":29,"column":57}},"16":{"start":{"line":29,"column":20},"end":{"line":29,"column":22}},"17":{"start":{"line":29,"column":36},"end":{"line":29,"column":40}},"18":{"start":{"line":31,"column":2},"end":{"line":36,"column":31}},"19":{"start":{"line":32,"column":4},"end":{"line":32,"column":41}},"20":{"start":{"line":33,"column":4},"end":{"line":35,"column":7}},"21":{"start":{"line":34,"column":6},"end":{"line":34,"column":65}},"22":{"start":{"line":38,"column":17},"end":{"line":51,"column":null}},"23":{"start":{"line":40,"column":6},"end":{"line":50,"column":null}},"24":{"start":{"line":41,"column":8},"end":{"line":44,"column":9}},"25":{"start":{"line":42,"column":10},"end":{"line":42,"column":29}},"26":{"start":{"line":43,"column":10},"end":{"line":43,"column":17}},"27":{"start":{"line":45,"column":24},"end":{"line":47,"column":31}},"28":{"start":{"line":49,"column":8},"end":{"line":49,"column":32}},"29":{"start":{"line":54,"column":2},"end":{"line":54,"column":33}},"30":{"start":{"line":62,"column":2},"end":{"line":69,"column":4}},"31":{"start":{"line":62,"column":10},"end":{"line":62,"column":20}},"32":{"start":{"line":63,"column":4},"end":{"line":65,"column":5}},"33":{"start":{"line":64,"column":6},"end":{"line":64,"column":26}},"34":{"start":{"line":66,"column":4},"end":{"line":68,"column":14}},"35":{"start":{"line":67,"column":6},"end":{"line":67,"column":20}}},"fnMap":{"0":{"name":"useFuzzyFilter","decl":{"start":{"line":20,"column":9},"end":{"line":20,"column":23}},"loc":{"start":{"line":27,"column":20},"end":{"line":55,"column":1}}},"1":{"name":"(anonymous_1)","decl":{"start":{"line":31,"column":12},"end":{"line":31,"column":null}},"loc":{"start":{"line":31,"column":12},"end":{"line":36,"column":3}}},"2":{"name":"(anonymous_2)","decl":{"start":{"line":33,"column":18},"end":{"line":33,"column":19}},"loc":{"start":{"line":33,"column":23},"end":{"line":35,"column":5}}},"3":{"name":"(anonymous_3)","decl":{"start":{"line":39,"column":4},"end":{"line":39,"column":null}},"loc":{"start":{"line":39,"column":4},"end":{"line":40,"column":14}}},"4":{"name":"(anonymous_4)","decl":{"start":{"line":40,"column":15},"end":{"line":40,"column":16}},"loc":{"start":{"line":40,"column":34},"end":{"line":50,"column":7}}},"5":{"name":"debounce","decl":{"start":{"line":57,"column":9},"end":{"line":57,"column":17}},"loc":{"start":{"line":59,"column":15},"end":{"line":70,"column":1}}},"6":{"name":"(anonymous_6)","decl":{"start":{"line":62,"column":9},"end":{"line":62,"column":10}},"loc":{"start":{"line":62,"column":9},"end":{"line":69,"column":3}}},"7":{"name":"(anonymous_7)","decl":{"start":{"line":66,"column":23},"end":{"line":66,"column":null}},"loc":{"start":{"line":66,"column":23},"end":{"line":68,"column":5}}}},"branchMap":{"0":{"loc":{"start":{"line":21,"column":7},"end":{"line":21,"column":null}},"type":"cond-expr","locations":[{"start":{"line":21,"column":10},"end":{"line":21,"column":12}},{"start":{"line":21,"column":12},"end":{"line":21,"column":null}}]},"1":{"loc":{"start":{"line":23,"column":12},"end":{"line":23,"column":null}},"type":"cond-expr","locations":[{"start":{"line":23,"column":15},"end":{"line":23,"column":18}},{"start":{"line":23,"column":18},"end":{"line":23,"column":null}}]},"2":{"loc":{"start":{"line":24,"column":17},"end":{"line":24,"column":null}},"type":"cond-expr","locations":[{"start":{"line":24,"column":20},"end":{"line":24,"column":21}},{"start":{"line":24,"column":21},"end":{"line":24,"column":null}}]},"3":{"loc":{"start":{"line":25,"column":13},"end":{"line":25,"column":null}},"type":"cond-expr","locations":[{"start":{"line":25,"column":16},"end":{"line":25,"column":17}},{"start":{"line":25,"column":17},"end":{"line":25,"column":null}}]},"4":{"loc":{"start":{"line":26,"column":12},"end":{"line":26,"column":null}},"type":"cond-expr","locations":[{"start":{"line":26,"column":15},"end":{"line":26,"column":17}},{"start":{"line":26,"column":17},"end":{"line":26,"column":null}}]},"5":{"loc":{"start":{"line":41,"column":8},"end":{"line":44,"column":9}},"type":"if","locations":[{"start":{"line":41,"column":8},"end":{"line":44,"column":9}}]},"6":{"loc":{"start":{"line":63,"column":4},"end":{"line":65,"column":5}},"type":"if","locations":[{"start":{"line":63,"column":4},"end":{"line":65,"column":5}}]}},"s":{"0":0,"1":0,"2":0,"3":0,"4":0,"5":0,"6":0,"7":0,"8":0,"9":0,"10":0,"11":0,"12":0,"13":0,"14":0,"15":0,"16":0,"17":0,"18":0,"19":0,"20":0,"21":0,"22":0,"23":0,"24":0,"25":0,"26":0,"27":0,"28":0,"29":0,"30":0,"31":0,"32":0,"33":0,"34":0,"35":0},"f":{"0":0,"1":0,"2":0,"3":0,"4":0,"5":0,"6":0,"7":0},"b":{"0":[0,0],"1":[0,0],"2":[0,0],"3":[0,0],"4":[0,0],"5":[0],"6":[0]}}
,"/Users/conor/Development/Crucai/src/useScrollTracker/index.ts": {"path":"/Users/conor/Development/Crucai/src/useScrollTracker/index.ts","statementMap":{"0":{"start":{"line":65,"column":0},"end":{"line":65,"column":16}},"1":{"start":{"line":1,"column":0},"end":{"line":1,"column":31}},"2":{"start":{"line":2,"column":53},"end":{"line":2,"column":59}},"3":{"start":{"line":9,"column":0},"end":{"line":9,"column":null}},"4":{"start":{"line":18,"column":0},"end":{"line":18,"column":null}},"5":{"start":{"line":25,"column":0},"end":{"line":25,"column":59}},"6":{"start":{"line":66,"column":2},"end":{"line":66,"column":null}},"7":{"start":{"line":105,"column":6},"end":{"line":105,"column":14}},"8":{"start":{"line":72,"column":14},"end":{"line":72,"column":null}},"9":{"start":{"line":76,"column":14},"end":{"line":76,"column":null}},"10":{"start":{"line":79,"column":13},"end":{"line":79,"column":null}},"11":{"start":{"line":80,"column":16},"end":{"line":80,"column":null}},"12":{"start":{"line":83,"column":12},"end":{"line":83,"column":null}},"13":{"start":{"line":86,"column":8},"end":{"line":86,"column":null}},"14":{"start":{"line":89,"column":17},"end":{"line":89,"column":null}},"15":{"start":{"line":92,"column":12},"end":{"line":104,"column":null}},"16":{"start":{"line":110,"column":21},"end":{"line":110,"column":46}},"17":{"start":{"line":113,"column":31},"end":{"line":113,"column":72}},"18":{"start":{"line":114,"column":25},"end":{"line":114,"column":60}},"19":{"start":{"line":115,"column":27},"end":{"line":115,"column":54}},"20":{"start":{"line":119,"column":26},"end":{"line":119,"column":43}},"21":{"start":{"line":120,"column":29},"end":{"line":120,"column":46}},"22":{"start":{"line":121,"column":27},"end":{"line":121,"column":44}},"23":{"start":{"line":122,"column":26},"end":{"line":122,"column":43}},"24":{"start":{"line":123,"column":26},"end":{"line":123,"column":48}},"25":{"start":{"line":124,"column":26},"end":{"line":130,"column":4}},"26":{"start":{"line":136,"column":32},"end":{"line":136,"column":76}},"27":{"start":{"line":136,"column":16},"end":{"line":136,"column":18}},"28":{"start":{"line":136,"column":28},"end":{"line":136,"column":32}},"29":{"start":{"line":147,"column":33},"end":{"line":152,"column":12}},"30":{"start":{"line":148,"column":4},"end":{"line":151,"column":5}},"31":{"start":{"line":149,"column":6},"end":{"line":149,"column":60}},"32":{"start":{"line":150,"column":6},"end":{"line":150,"column":38}},"33":{"start":{"line":164,"column":29},"end":{"line":277,"column":null}},"34":{"start":{"line":167,"column":6},"end":{"line":167,"column":50}},"35":{"start":{"line":167,"column":43},"end":{"line":167,"column":50}},"36":{"start":{"line":170,"column":20},"end":{"line":170,"column":30}},"37":{"start":{"line":173,"column":28},"end":{"line":173,"column":51}},"38":{"start":{"line":174,"column":27},"end":{"line":174,"column":47}},"39":{"start":{"line":175,"column":6},"end":{"line":175,"column":45}},"40":{"start":{"line":178,"column":29},"end":{"line":178,"column":47}},"41":{"start":{"line":179,"column":28},"end":{"line":179,"column":45}},"42":{"start":{"line":182,"column":29},"end":{"line":182,"column":43}},"43":{"start":{"line":183,"column":24},"end":{"line":185,"column":null}},"44":{"start":{"line":187,"column":6},"end":{"line":187,"column":47}},"45":{"start":{"line":190,"column":19},"end":{"line":190,"column":43}},"46":{"start":{"line":193,"column":25},"end":{"line":193,"column":51}},"47":{"start":{"line":194,"column":25},"end":{"line":197,"column":null}},"48":{"start":{"line":199,"column":23},"end":{"line":204,"column":null}},"49":{"start":{"line":206,"column":32},"end":{"line":208,"column":null}},"50":{"start":{"line":212,"column":18},"end":{"line":212,"column":35}},"51":{"start":{"line":213,"column":30},"end":{"line":221,"column":null}},"52":{"start":{"line":225,"column":6},"end":{"line":225,"column":39}},"53":{"start":{"line":226,"column":6},"end":{"line":226,"column":58}},"54":{"start":{"line":227,"column":6},"end":{"line":227,"column":56}},"55":{"start":{"line":230,"column":27},"end":{"line":235,"column":null}},"56":{"start":{"line":239,"column":6},"end":{"line":239,"column":45}},"57":{"start":{"line":242,"column":6},"end":{"line":265,"column":9}},"58":{"start":{"line":244,"column":27},"end":{"line":252,"column":10}},"59":{"start":{"line":255,"column":8},"end":{"line":262,"column":9}},"60":{"start":{"line":261,"column":10},"end":{"line":261,"column":29}},"61":{"start":{"line":264,"column":8},"end":{"line":264,"column":26}},"62":{"start":{"line":293,"column":23},"end":{"line":360,"column":4}},"63":{"start":{"line":297,"column":4},"end":{"line":297,"column":76}},"64":{"start":{"line":297,"column":69},"end":{"line":297,"column":76}},"65":{"start":{"line":302,"column":4},"end":{"line":302,"column":29}},"66":{"start":{"line":303,"column":4},"end":{"line":353,"column":7}},"67":{"start":{"line":305,"column":29},"end":{"line":305,"column":43}},"68":{"start":{"line":306,"column":24},"end":{"line":308,"column":null}},"69":{"start":{"line":312,"column":18},"end":{"line":312,"column":35}},"70":{"start":{"line":316,"column":30},"end":{"line":324,"column":null}},"71":{"start":{"line":328,"column":6},"end":{"line":328,"column":47}},"72":{"start":{"line":329,"column":6},"end":{"line":329,"column":39}},"73":{"start":{"line":330,"column":6},"end":{"line":330,"column":58}},"74":{"start":{"line":331,"column":6},"end":{"line":331,"column":56}},"75":{"start":{"line":335,"column":6},"end":{"line":352,"column":9}},"76":{"start":{"line":337,"column":8},"end":{"line":345,"column":9}},"77":{"start":{"line":344,"column":10},"end":{"line":344,"column":29}},"78":{"start":{"line":347,"column":8},"end":{"line":350,"column":null}},"79":{"start":{"line":375,"column":22},"end":{"line":375,"column":38}},"80":{"start":{"line":377,"column":2},"end":{"line":379,"column":17}},"81":{"start":{"line":378,"column":4},"end":{"line":378,"column":35}},"82":{"start":{"line":382,"column":23},"end":{"line":398,"column":11}},"83":{"start":{"line":384,"column":6},"end":{"line":384,"column":61}},"84":{"start":{"line":384,"column":54},"end":{"line":384,"column":61}},"85":{"start":{"line":388,"column":6},"end":{"line":388,"column":49}},"86":{"start":{"line":392,"column":6},"end":{"line":396,"column":14}},"87":{"start":{"line":393,"column":8},"end":{"line":395,"column":9}},"88":{"start":{"line":394,"column":10},"end":{"line":394,"column":68}},"89":{"start":{"line":412,"column":2},"end":{"line":494,"column":5}},"90":{"start":{"line":414,"column":4},"end":{"line":414,"column":41}},"91":{"start":{"line":414,"column":34},"end":{"line":414,"column":41}},"92":{"start":{"line":417,"column":20},"end":{"line":417,"column":38}},"93":{"start":{"line":418,"column":4},"end":{"line":418,"column":25}},"94":{"start":{"line":418,"column":18},"end":{"line":418,"column":25}},"95":{"start":{"line":422,"column":4},"end":{"line":422,"column":47}},"96":{"start":{"line":423,"column":4},"end":{"line":423,"column":41}},"97":{"start":{"line":424,"column":4},"end":{"line":424,"column":29}},"98":{"start":{"line":427,"column":4},"end":{"line":445,"column":5}},"99":{"start":{"line":429,"column":6},"end":{"line":441,"column":8}},"100":{"start":{"line":433,"column":43},"end":{"line":433,"column":51}},"101":{"start":{"line":444,"column":6},"end":{"line":444,"column":52}},"102":{"start":{"line":448,"column":4},"end":{"line":455,"column":5}},"103":{"start":{"line":450,"column":6},"end":{"line":450,"column":64}},"104":{"start":{"line":451,"column":6},"end":{"line":451,"column":46}},"105":{"start":{"line":454,"column":6},"end":{"line":454,"column":54}},"106":{"start":{"line":463,"column":6},"end":{"line":465,"column":35}},"107":{"start":{"line":469,"column":4},"end":{"line":469,"column":72}},"108":{"start":{"line":472,"column":4},"end":{"line":483,"column":6}},"109":{"start":{"line":474,"column":6},"end":{"line":474,"column":49}},"110":{"start":{"line":475,"column":6},"end":{"line":475,"column":43}},"111":{"start":{"line":478,"column":6},"end":{"line":478,"column":57}},"112":{"start":{"line":479,"column":6},"end":{"line":479,"column":58}},"113":{"start":{"line":482,"column":6},"end":{"line":482,"column":31}},"114":{"start":{"line":496,"column":2},"end":{"line":496,"column":38}},"115":{"start":{"line":542,"column":59},"end":{"line":551,"column":1}},"116":{"start":{"line":543,"column":10},"end":{"line":543,"column":null}},"117":{"start":{"line":544,"column":12},"end":{"line":545,"column":null}},"118":{"start":{"line":547,"column":27},"end":{"line":547,"column":52}},"119":{"start":{"line":547,"column":13},"end":{"line":547,"column":15}},"120":{"start":{"line":547,"column":22},"end":{"line":547,"column":27}},"121":{"start":{"line":550,"column":2},"end":{"line":550,"column":75}},"122":{"start":{"line":542,"column":13},"end":{"line":542,"column":59}},"123":{"start":{"line":553,"column":0},"end":{"line":553,"column":32}}},"fnMap":{"0":{"name":"useScrollTracker","decl":{"start":{"line":65,"column":16},"end":{"line":65,"column":32}},"loc":{"start":{"line":66,"column":36},"end":{"line":497,"column":1}}},"1":{"name":"(anonymous_13)","decl":{"start":{"line":147,"column":40},"end":{"line":147,"column":null}},"loc":{"start":{"line":147,"column":40},"end":{"line":152,"column":3}}},"2":{"name":"(anonymous_14)","decl":{"start":{"line":165,"column":4},"end":{"line":165,"column":5}},"loc":{"start":{"line":165,"column":41},"end":{"line":269,"column":5}}},"3":{"name":"(anonymous_15)","decl":{"start":{"line":242,"column":17},"end":{"line":242,"column":18}},"loc":{"start":{"line":242,"column":29},"end":{"line":265,"column":7}}},"4":{"name":"(anonymous_16)","decl":{"start":{"line":293,"column":35},"end":{"line":293,"column":null}},"loc":{"start":{"line":293,"column":35},"end":{"line":355,"column":3}}},"5":{"name":"(anonymous_17)","decl":{"start":{"line":303,"column":53},"end":{"line":303,"column":null}},"loc":{"start":{"line":303,"column":53},"end":{"line":353,"column":5}}},"6":{"name":"(anonymous_18)","decl":{"start":{"line":335,"column":17},"end":{"line":335,"column":18}},"loc":{"start":{"line":335,"column":29},"end":{"line":352,"column":7}}},"7":{"name":"(anonymous_19)","decl":{"start":{"line":377,"column":12},"end":{"line":377,"column":null}},"loc":{"start":{"line":377,"column":12},"end":{"line":379,"column":3}}},"8":{"name":"(anonymous_20)","decl":{"start":{"line":383,"column":13},"end":{"line":383,"column":null}},"loc":{"start":{"line":383,"column":13},"end":{"line":397,"column":5}}},"9":{"name":"(anonymous_21)","decl":{"start":{"line":392,"column":17},"end":{"line":392,"column":null}},"loc":{"start":{"line":392,"column":17},"end":{"line":396,"column":7}}},"10":{"name":"(anonymous_22)","decl":{"start":{"line":412,"column":12},"end":{"line":412,"column":null}},"loc":{"start":{"line":412,"column":12},"end":{"line":484,"column":3}}},"11":{"name":"(anonymous_23)","decl":{"start":{"line":433,"column":36},"end":{"line":433,"column":37}},"loc":{"start":{"line":433,"column":38},"end":{"line":433,"column":44}}},"12":{"name":"(anonymous_24)","decl":{"start":{"line":472,"column":11},"end":{"line":472,"column":null}},"loc":{"start":{"line":472,"column":11},"end":{"line":483,"column":5}}},"13":{"name":"(anonymous_25)","decl":{"start":{"line":542,"column":59},"end":{"line":542,"column":60}},"loc":{"start":{"line":545,"column":1},"end":{"line":551,"column":1}}}},"branchMap":{"0":{"loc":{"start":{"line":66,"column":2},"end":{"line":66,"column":null}},"type":"if","locations":[{"start":{"line":66,"column":2},"end":{"line":66,"column":null}}]},"1":{"loc":{"start":{"line":72,"column":14},"end":{"line":72,"column":null}},"type":"cond-expr","locations":[{"start":{"line":72,"column":17},"end":{"line":72,"column":37}},{"start":{"line":72,"column":37},"end":{"line":72,"column":null}}]},"2":{"loc":{"start":{"line":76,"column":14},"end":{"line":76,"column":null}},"type":"cond-expr","locations":[{"start":{"line":76,"column":17},"end":{"line":76,"column":34}},{"start":{"line":76,"column":34},"end":{"line":76,"column":null}}]},"3":{"loc":{"start":{"line":79,"column":13},"end":{"line":79,"column":null}},"type":"cond-expr","locations":[{"start":{"line":79,"column":16},"end":{"line":79,"column":17}},{"start":{"line":79,"column":17},"end":{"line":79,"column":null}}]},"4":{"loc":{"start":{"line":80,"column":16},"end":{"line":80,"column":null}},"type":"cond-expr","locations":[{"start":{"line":80,"column":19},"end":{"line":80,"column":20}},{"start":{"line":80,"column":20},"end":{"line":80,"column":null}}]},"5":{"loc":{"start":{"line":83,"column":12},"end":{"line":83,"column":null}},"type":"cond-expr","locations":[{"start":{"line":83,"column":15},"end":{"line":83,"column":20}},{"start":{"line":83,"column":20},"end":{"line":83,"column":null}}]},"6":{"loc":{"start":{"line":86,"column":8},"end":{"line":86,"column":null}},"type":"cond-expr","locations":[{"start":{"line":86,"column":11},"end":{"line":86,"column":20}},{"start":{"line":86,"column":20},"end":{"line":86,"column":null}}]},"7":{"loc":{"start":{"line":89,"column":17},"end":{"line":89,"column":null}},"type":"cond-expr","locations":[{"start":{"line":89,"column":20},"end":{"line":89,"column":21}},{"start":{"line":89,"column":21},"end":{"line":89,"column":null}}]},"8":{"loc":{"start":{"line":92,"column":12},"end":{"line":104,"column":null}},"type":"cond-expr","locations":[{"start":{"line":92,"column":15},"end":{"line":104,"column":null}},{"start":{"line":104,"column":5},"end":{"line":104,"column":null}}]},"9":{"loc":{"start":{"line":148,"column":4},"end":{"line":151,"column":5}},"type":"if","locations":[{"start":{"line":148,"column":4},"end":{"line":151,"column":5}}]},"10":{"loc":{"start":{"line":167,"column":6},"end":{"line":167,"column":50}},"type":"if","locations":[{"start":{"line":167,"column":6},"end":{"line":167,"column":50}}]},"11":{"loc":{"start":{"line":167,"column":10},"end":{"line":167,"column":41}},"type":"binary-expr","locations":[{"start":{"line":167,"column":10},"end":{"line":167,"column":29}},{"start":{"line":167,"column":33},"end":{"line":167,"column":41}}]},"12":{"loc":{"start":{"line":217,"column":8},"end":{"line":217,"column":41}},"type":"binary-expr","locations":[{"start":{"line":217,"column":8},"end":{"line":217,"column":34}},{"start":{"line":217,"column":38},"end":{"line":217,"column":41}}]},"13":{"loc":{"start":{"line":255,"column":8},"end":{"line":262,"column":9}},"type":"if","locations":[{"start":{"line":255,"column":8},"end":{"line":262,"column":9}}]},"14":{"loc":{"start":{"line":256,"column":10},"end":{"line":259,"column":68}},"type":"binary-expr","locations":[{"start":{"line":256,"column":10},"end":{"line":256,"column":69}},{"start":{"line":257,"column":10},"end":{"line":257,"column":77}},{"start":{"line":258,"column":10},"end":{"line":258,"column":45}},{"start":{"line":259,"column":10},"end":{"line":259,"column":68}}]},"15":{"loc":{"start":{"line":297,"column":4},"end":{"line":297,"column":76}},"type":"if","locations":[{"start":{"line":297,"column":4},"end":{"line":297,"column":76}}]},"16":{"loc":{"start":{"line":297,"column":8},"end":{"line":297,"column":67}},"type":"binary-expr","locations":[{"start":{"line":297,"column":8},"end":{"line":297,"column":27}},{"start":{"line":297,"column":31},"end":{"line":297,"column":39}},{"start":{"line":297,"column":43},"end":{"line":297,"column":67}}]},"17":{"loc":{"start":{"line":337,"column":8},"end":{"line":345,"column":9}},"type":"if","locations":[{"start":{"line":337,"column":8},"end":{"line":345,"column":9}}]},"18":{"loc":{"start":{"line":338,"column":10},"end":{"line":342,"column":16}},"type":"binary-expr","locations":[{"start":{"line":338,"column":10},"end":{"line":338,"column":45}},{"start":{"line":339,"column":10},"end":{"line":340,"column":14}},{"start":{"line":341,"column":10},"end":{"line":342,"column":16}}]},"19":{"loc":{"start":{"line":384,"column":6},"end":{"line":384,"column":61}},"type":"if","locations":[{"start":{"line":384,"column":6},"end":{"line":384,"column":61}}]},"20":{"loc":{"start":{"line":384,"column":10},"end":{"line":384,"column":52}},"type":"binary-expr","locations":[{"start":{"line":384,"column":10},"end":{"line":384,"column":29}},{"start":{"line":384,"column":33},"end":{"line":384,"column":52}}]},"21":{"loc":{"start":{"line":388,"column":6},"end":{"line":388,"column":48}},"type":"cond-expr","locations":[{"start":{"line":388,"column":34},"end":{"line":388,"column":36}},{"start":{"line":388,"column":34},"end":{"line":388,"column":48}}]},"22":{"loc":{"start":{"line":388,"column":6},"end":{"line":388,"column":36}},"type":"binary-expr","locations":[{"start":{"line":388,"column":6},"end":{"line":388,"column":36}},{"start":{"line":388,"column":34},"end":{"line":388,"column":36}}]},"23":{"loc":{"start":{"line":393,"column":8},"end":{"line":395,"column":9}},"type":"if","locations":[{"start":{"line":393,"column":8},"end":{"line":395,"column":9}}]},"24":{"loc":{"start":{"line":394,"column":10},"end":{"line":394,"column":67}},"type":"cond-expr","locations":[{"start":{"line":394,"column":38},"end":{"line":394,"column":40}},{"start":{"line":394,"column":38},"end":{"line":394,"column":67}}]},"25":{"loc":{"start":{"line":394,"column":10},"end":{"line":394,"column":40}},"type":"binary-expr","locations":[{"start":{"line":394,"column":10},"end":{"line":394,"column":40}},{"start":{"line":394,"column":38},"end":{"line":394,"column":40}}]},"26":{"loc":{"start":{"line":414,"column":4},"end":{"line":414,"column":41}},"type":"if","locations":[{"start":{"line":414,"column":4},"end":{"line":414,"column":41}}]},"27":{"loc":{"start":{"line":414,"column":8},"end":{"line":414,"column":32}},"type":"binary-expr","locations":[{"start":{"line":414,"column":8},"end":{"line":414,"column":20}},{"start":{"line":414,"column":24},"end":{"line":414,"column":32}}]},"28":{"loc":{"start":{"line":418,"column":4},"end":{"line":418,"column":25}},"type":"if","locations":[{"start":{"line":418,"column":4},"end":{"line":418,"column":25}}]},"29":{"loc":{"start":{"line":422,"column":4},"end":{"line":422,"column":46}},"type":"cond-expr","locations":[{"start":{"line":422,"column":32},"end":{"line":422,"column":34}},{"start":{"line":422,"column":32},"end":{"line":422,"column":46}}]},"30":{"loc":{"start":{"line":422,"column":4},"end":{"line":422,"column":34}},"type":"binary-expr","locations":[{"start":{"line":422,"column":4},"end":{"line":422,"column":34}},{"start":{"line":422,"column":32},"end":{"line":422,"column":34}}]},"31":{"loc":{"start":{"line":423,"column":4},"end":{"line":423,"column":40}},"type":"cond-expr","locations":[{"start":{"line":423,"column":26},"end":{"line":423,"column":28}},{"start":{"line":423,"column":26},"end":{"line":423,"column":40}}]},"32":{"loc":{"start":{"line":423,"column":4},"end":{"line":423,"column":28}},"type":"binary-expr","locations":[{"start":{"line":423,"column":4},"end":{"line":423,"column":28}},{"start":{"line":423,"column":26},"end":{"line":423,"column":28}}]},"33":{"loc":{"start":{"line":427,"column":4},"end":{"line":445,"column":5}},"type":"if","locations":[{"start":{"line":427,"column":4},"end":{"line":445,"column":5}}]},"34":{"loc":{"start":{"line":439,"column":16},"end":{"line":439,"column":37}},"type":"binary-expr","locations":[{"start":{"line":439,"column":16},"end":{"line":439,"column":29}},{"start":{"line":439,"column":33},"end":{"line":439,"column":37}}]},"35":{"loc":{"start":{"line":439,"column":16},"end":{"line":439,"column":29}},"type":"cond-expr","locations":[{"start":{"line":439,"column":20},"end":{"line":439,"column":22}},{"start":{"line":439,"column":16},"end":{"line":439,"column":29}}]},"36":{"loc":{"start":{"line":439,"column":16},"end":{"line":439,"column":22}},"type":"binary-expr","locations":[{"start":{"line":439,"column":16},"end":{"line":439,"column":22}},{"start":{"line":439,"column":16},"end":{"line":439,"column":22}}]},"37":{"loc":{"start":{"line":448,"column":4},"end":{"line":455,"column":5}},"type":"if","locations":[{"start":{"line":448,"column":4},"end":{"line":455,"column":5}}]},"38":{"loc":{"start":{"line":463,"column":6},"end":{"line":465,"column":35}},"type":"cond-expr","locations":[{"start":{"line":464,"column":10},"end":{"line":464,"column":47}},{"start":{"line":465,"column":10},"end":{"line":465,"column":35}}]},"39":{"loc":{"start":{"line":474,"column":6},"end":{"line":474,"column":48}},"type":"cond-expr","locations":[{"start":{"line":474,"column":34},"end":{"line":474,"column":36}},{"start":{"line":474,"column":34},"end":{"line":474,"column":48}}]},"40":{"loc":{"start":{"line":474,"column":6},"end":{"line":474,"column":36}},"type":"binary-expr","locations":[{"start":{"line":474,"column":6},"end":{"line":474,"column":36}},{"start":{"line":474,"column":34},"end":{"line":474,"column":36}}]},"41":{"loc":{"start":{"line":475,"column":6},"end":{"line":475,"column":42}},"type":"cond-expr","locations":[{"start":{"line":475,"column":28},"end":{"line":475,"column":30}},{"start":{"line":475,"column":28},"end":{"line":475,"column":42}}]},"42":{"loc":{"start":{"line":475,"column":6},"end":{"line":475,"column":30}},"type":"binary-expr","locations":[{"start":{"line":475,"column":6},"end":{"line":475,"column":30}},{"start":{"line":475,"column":28},"end":{"line":475,"column":30}}]}},"s":{"0":1,"1":1,"2":4,"3":1,"4":1,"5":1,"6":3,"7":16,"8":2,"9":2,"10":2,"11":2,"12":2,"13":2,"14":2,"15":2,"16":2,"17":2,"18":2,"19":2,"20":2,"21":2,"22":2,"23":2,"24":2,"25":2,"26":2,"27":2,"28":2,"29":2,"30":0,"31":0,"32":0,"33":2,"34":0,"35":0,"36":0,"37":0,"38":0,"39":0,"40":0,"41":0,"42":0,"43":0,"44":0,"45":0,"46":0,"47":0,"48":0,"49":0,"50":0,"51":0,"52":0,"53":0,"54":0,"55":0,"56":0,"57":0,"58":0,"59":0,"60":0,"61":0,"62":2,"63":0,"64":0,"65":0,"66":0,"67":0,"68":0,"69":0,"70":0,"71":0,"72":0,"73":0,"74":0,"75":0,"76":0,"77":0,"78":0,"79":2,"80":2,"81":2,"82":2,"83":0,"84":0,"85":0,"86":0,"87":0,"88":0,"89":2,"90":2,"91":0,"92":2,"93":2,"94":2,"95":0,"96":0,"97":0,"98":0,"99":0,"100":0,"101":0,"102":0,"103":0,"104":0,"105":0,"106":0,"107":0,"108":0,"109":0,"110":0,"111":0,"112":0,"113":0,"114":2,"115":1,"116":0,"117":0,"118":0,"119":0,"120":0,"121":0,"122":1,"123":1},"f":{"0":2,"1":0,"2":0,"3":0,"4":0,"5":0,"6":0,"7":2,"8":0,"9":0,"10":2,"11":0,"12":0,"13":0},"b":{"0":[1],"1":[1,1],"2":[1,1],"3":[1,1],"4":[2,0],"5":[2,0],"6":[2,0],"7":[2,0],"8":[2,0],"9":[0],"10":[0],"11":[0,0],"12":[0,0],"13":[0],"14":[0,0,0,0],"15":[0],"16":[0,0,0],"17":[0],"18":[0,0,0],"19":[0],"20":[0,0],"21":[0,0],"22":[0,0],"23":[0],"24":[0,0],"25":[0,0],"26":[0],"27":[2,2],"28":[2],"29":[0,0],"30":[0,0],"31":[0,0],"32":[0,0],"33":[0],"34":[0,0],"35":[0,0],"36":[0,0],"37":[0],"38":[0,0],"39":[0,0],"40":[0,0],"41":[0,0],"42":[0,0]}}
,"/Users/conor/Development/Crucai/src/useScrollTracker/utils/calculations.ts": {"path":"/Users/conor/Development/Crucai/src/useScrollTracker/utils/calculations.ts","statementMap":{"0":{"start":{"line":13,"column":0},"end":{"line":13,"column":16}},"1":{"start":{"line":33,"column":0},"end":{"line":33,"column":16}},"2":{"start":{"line":63,"column":0},"end":{"line":63,"column":16}},"3":{"start":{"line":112,"column":0},"end":{"line":112,"column":16}},"4":{"start":{"line":166,"column":0},"end":{"line":166,"column":16}},"5":{"start":{"line":209,"column":0},"end":{"line":209,"column":16}},"6":{"start":{"line":243,"column":0},"end":{"line":243,"column":16}},"7":{"start":{"line":270,"column":0},"end":{"line":270,"column":16}},"8":{"start":{"line":281,"column":0},"end":{"line":281,"column":16}},"9":{"start":{"line":15,"column":21},"end":{"line":15,"column":62}},"10":{"start":{"line":18,"column":29},"end":{"line":18,"column":67}},"11":{"start":{"line":19,"column":25},"end":{"line":19,"column":41}},"12":{"start":{"line":20,"column":22},"end":{"line":20,"column":38}},"13":{"start":{"line":22,"column":2},"end":{"line":27,"column":4}},"14":{"start":{"line":39,"column":28},"end":{"line":39,"column":65}},"15":{"start":{"line":42,"column":17},"end":{"line":42,"column":28}},"16":{"start":{"line":43,"column":16},"end":{"line":43,"column":26}},"17":{"start":{"line":46,"column":22},"end":{"line":46,"column":70}},"18":{"start":{"line":47,"column":21},"end":{"line":47,"column":66}},"19":{"start":{"line":49,"column":2},"end":{"line":57,"column":4}},"20":{"start":{"line":67,"column":2},"end":{"line":67,"column":null}},"21":{"start":{"line":68,"column":2},"end":{"line":68,"column":null}},"22":{"start":{"line":71,"column":25},"end":{"line":71,"column":51}},"23":{"start":{"line":72,"column":26},"end":{"line":72,"column":44}},"24":{"start":{"line":75,"column":28},"end":{"line":75,"column":60}},"25":{"start":{"line":76,"column":25},"end":{"line":76,"column":45}},"26":{"start":{"line":77,"column":28},"end":{"line":77,"column":73}},"27":{"start":{"line":84,"column":22},"end":{"line":84,"column":63}},"28":{"start":{"line":85,"column":27},"end":{"line":85,"column":107}},"29":{"start":{"line":91,"column":24},"end":{"line":91,"column":90}},"30":{"start":{"line":97,"column":27},"end":{"line":97,"column":96}},"31":{"start":{"line":99,"column":2},"end":{"line":106,"column":4}},"32":{"start":{"line":117,"column":27},"end":{"line":117,"column":69}},"33":{"start":{"line":117,"column":63},"end":{"line":117,"column":69}},"34":{"start":{"line":120,"column":28},"end":{"line":120,"column":51}},"35":{"start":{"line":123,"column":39},"end":{"line":127,"column":4}},"36":{"start":{"line":130,"column":2},"end":{"line":146,"column":5}},"37":{"start":{"line":135,"column":21},"end":{"line":135,"column":50}},"38":{"start":{"line":136,"column":24},"end":{"line":136,"column":26}},"39":{"start":{"line":137,"column":31},"end":{"line":137,"column":80}},"40":{"start":{"line":140,"column":4},"end":{"line":140,"column":47}},"41":{"start":{"line":143,"column":4},"end":{"line":145,"column":5}},"42":{"start":{"line":144,"column":6},"end":{"line":144,"column":41}},"43":{"start":{"line":149,"column":2},"end":{"line":158,"column":3}},"44":{"start":{"line":150,"column":4},"end":{"line":150,"column":56}},"45":{"start":{"line":153,"column":27},"end":{"line":153,"column":85}},"46":{"start":{"line":153,"column":56},"end":{"line":153,"column":85}},"47":{"start":{"line":154,"column":4},"end":{"line":154,"column":85}},"48":{"start":{"line":156,"column":4},"end":{"line":156,"column":29}},"49":{"start":{"line":157,"column":4},"end":{"line":157,"column":79}},"50":{"start":{"line":160,"column":2},"end":{"line":160,"column":20}},"51":{"start":{"line":173,"column":2},"end":{"line":173,"column":null}},"52":{"start":{"line":174,"column":2},"end":{"line":174,"column":null}},"53":{"start":{"line":177,"column":20},"end":{"line":177,"column":59}},"54":{"start":{"line":180,"column":19},"end":{"line":180,"column":61}},"55":{"start":{"line":181,"column":19},"end":{"line":181,"column":48}},"56":{"start":{"line":184,"column":23},"end":{"line":184,"column":73}},"57":{"start":{"line":187,"column":30},"end":{"line":187,"column":56}},"58":{"start":{"line":188,"column":22},"end":{"line":188,"column":46}},"59":{"start":{"line":189,"column":29},"end":{"line":189,"column":80}},"60":{"start":{"line":190,"column":18},"end":{"line":190,"column":85}},"61":{"start":{"line":193,"column":29},"end":{"line":193,"column":72}},"62":{"start":{"line":194,"column":16},"end":{"line":194,"column":65}},"63":{"start":{"line":196,"column":2},"end":{"line":203,"column":4}},"64":{"start":{"line":216,"column":14},"end":{"line":216,"column":37}},"65":{"start":{"line":219,"column":2},"end":{"line":223,"column":3}},"66":{"start":{"line":220,"column":4},"end":{"line":220,"column":65}},"67":{"start":{"line":221,"column":4},"end":{"line":221,"column":21}},"68":{"start":{"line":222,"column":4},"end":{"line":222,"column":30}},"69":{"start":{"line":226,"column":2},"end":{"line":228,"column":3}},"70":{"start":{"line":227,"column":4},"end":{"line":227,"column":63}},"71":{"start":{"line":231,"column":2},"end":{"line":235,"column":3}},"72":{"start":{"line":232,"column":4},"end":{"line":232,"column":48}},"73":{"start":{"line":233,"column":9},"end":{"line":235,"column":3}},"74":{"start":{"line":234,"column":4},"end":{"line":234,"column":24}},"75":{"start":{"line":237,"column":2},"end":{"line":237,"column":16}},"76":{"start":{"line":245,"column":13},"end":{"line":245,"column":19}},"77":{"start":{"line":246,"column":13},"end":{"line":246,"column":31}},"78":{"start":{"line":247,"column":13},"end":{"line":247,"column":24}},"79":{"start":{"line":249,"column":13},"end":{"line":249,"column":19}},"80":{"start":{"line":250,"column":13},"end":{"line":250,"column":31}},"81":{"start":{"line":251,"column":13},"end":{"line":251,"column":24}},"82":{"start":{"line":253,"column":23},"end":{"line":253,"column":39}},"83":{"start":{"line":253,"column":38},"end":{"line":253,"column":67}},"84":{"start":{"line":254,"column":23},"end":{"line":254,"column":39}},"85":{"start":{"line":254,"column":38},"end":{"line":254,"column":67}},"86":{"start":{"line":257,"column":10},"end":{"line":257,"column":11}},"87":{"start":{"line":258,"column":2},"end":{"line":262,"column":3}},"88":{"start":{"line":258,"column":15},"end":{"line":258,"column":16}},"89":{"start":{"line":259,"column":14},"end":{"line":259,"column":33}},"90":{"start":{"line":260,"column":4},"end":{"line":260,"column":34}},"91":{"start":{"line":260,"column":28},"end":{"line":260,"column":34}},"92":{"start":{"line":261,"column":4},"end":{"line":261,"column":51}},"93":{"start":{"line":264,"column":2},"end":{"line":264,"column":25}},"94":{"start":{"line":274,"column":2},"end":{"line":274,"column":54}},"95":{"start":{"line":274,"column":42},"end":{"line":274,"column":54}},"96":{"start":{"line":275,"column":2},"end":{"line":275,"column":58}},"97":{"start":{"line":282,"column":24},"end":{"line":282,"column":50}},"98":{"start":{"line":283,"column":25},"end":{"line":283,"column":43}},"99":{"start":{"line":284,"column":2},"end":{"line":284,"column":60}}},"fnMap":{"0":{"name":"calculateVisibility","decl":{"start":{"line":13,"column":16},"end":{"line":13,"column":35}},"loc":{"start":{"line":13,"column":68},"end":{"line":28,"column":1}}},"1":{"name":"calculateDimensions","decl":{"start":{"line":33,"column":16},"end":{"line":33,"column":35}},"loc":{"start":{"line":36,"column":23},"end":{"line":58,"column":1}}},"2":{"name":"calculatePositions","decl":{"start":{"line":63,"column":16},"end":{"line":63,"column":34}},"loc":{"start":{"line":68,"column":26},"end":{"line":107,"column":1}}},"3":{"name":"calculateThresholds","decl":{"start":{"line":112,"column":16},"end":{"line":112,"column":35}},"loc":{"start":{"line":114,"column":27},"end":{"line":161,"column":1}}},"4":{"name":"(anonymous_7)","decl":{"start":{"line":117,"column":53},"end":{"line":117,"column":54}},"loc":{"start":{"line":117,"column":58},"end":{"line":117,"column":64}}},"5":{"name":"(anonymous_8)","decl":{"start":{"line":130,"column":27},"end":{"line":130,"column":36}},"loc":{"start":{"line":130,"column":36},"end":{"line":146,"column":3}}},"6":{"name":"(anonymous_9)","decl":{"start":{"line":153,"column":51},"end":{"line":153,"column":52}},"loc":{"start":{"line":153,"column":52},"end":{"line":153,"column":57}}},"7":{"name":"calculateDynamics","decl":{"start":{"line":166,"column":16},"end":{"line":166,"column":33}},"loc":{"start":{"line":174,"column":36},"end":{"line":204,"column":1}}},"8":{"name":"calculateEntryMetrics","decl":{"start":{"line":209,"column":16},"end":{"line":209,"column":37}},"loc":{"start":{"line":214,"column":21},"end":{"line":238,"column":1}}},"9":{"name":"cubicBezier","decl":{"start":{"line":243,"column":16},"end":{"line":243,"column":27}},"loc":{"start":{"line":243,"column":85},"end":{"line":265,"column":1}}},"10":{"name":"(anonymous_13)","decl":{"start":{"line":253,"column":23},"end":{"line":253,"column":24}},"loc":{"start":{"line":253,"column":33},"end":{"line":253,"column":39}}},"11":{"name":"(anonymous_14)","decl":{"start":{"line":254,"column":23},"end":{"line":254,"column":24}},"loc":{"start":{"line":254,"column":33},"end":{"line":254,"column":39}}},"12":{"name":"detectDirection","decl":{"start":{"line":270,"column":16},"end":{"line":270,"column":31}},"loc":{"start":{"line":272,"column":25},"end":{"line":276,"column":1}}},"13":{"name":"getDefaultEntryDirection","decl":{"start":{"line":281,"column":16},"end":{"line":281,"column":40}},"loc":{"start":{"line":281,"column":86},"end":{"line":285,"column":1}}}},"branchMap":{"0":{"loc":{"start":{"line":18,"column":29},"end":{"line":18,"column":67}},"type":"binary-expr","locations":[{"start":{"line":18,"column":29},"end":{"line":18,"column":49}},{"start":{"line":18,"column":53},"end":{"line":18,"column":67}}]},"1":{"loc":{"start":{"line":39,"column":28},"end":{"line":39,"column":65}},"type":"binary-expr","locations":[{"start":{"line":39,"column":28},"end":{"line":39,"column":45}},{"start":{"line":39,"column":49},"end":{"line":39,"column":65}}]},"2":{"loc":{"start":{"line":46,"column":22},"end":{"line":46,"column":70}},"type":"cond-expr","locations":[{"start":{"line":46,"column":43},"end":{"line":46,"column":66}},{"start":{"line":46,"column":69},"end":{"line":46,"column":70}}]},"3":{"loc":{"start":{"line":47,"column":21},"end":{"line":47,"column":66}},"type":"cond-expr","locations":[{"start":{"line":47,"column":41},"end":{"line":47,"column":62}},{"start":{"line":47,"column":65},"end":{"line":47,"column":66}}]},"4":{"loc":{"start":{"line":67,"column":2},"end":{"line":67,"column":null}},"type":"if","locations":[{"start":{"line":67,"column":2},"end":{"line":67,"column":null}}]},"5":{"loc":{"start":{"line":68,"column":2},"end":{"line":68,"column":null}},"type":"if","locations":[{"start":{"line":68,"column":2},"end":{"line":68,"column":null}}]},"6":{"loc":{"start":{"line":85,"column":27},"end":{"line":85,"column":107}},"type":"cond-expr","locations":[{"start":{"line":85,"column":45},"end":{"line":85,"column":103}},{"start":{"line":85,"column":106},"end":{"line":85,"column":107}}]},"7":{"loc":{"start":{"line":143,"column":4},"end":{"line":145,"column":5}},"type":"if","locations":[{"start":{"line":143,"column":4},"end":{"line":145,"column":5}}]},"8":{"loc":{"start":{"line":149,"column":2},"end":{"line":158,"column":3}},"type":"if","locations":[{"start":{"line":149,"column":2},"end":{"line":158,"column":3}},{"start":{"line":155,"column":9},"end":{"line":158,"column":3}}]},"9":{"loc":{"start":{"line":153,"column":61},"end":{"line":153,"column":83}},"type":"binary-expr","locations":[{"start":{"line":153,"column":61},"end":{"line":153,"column":78}},{"start":{"line":153,"column":82},"end":{"line":153,"column":83}}]},"10":{"loc":{"start":{"line":154,"column":22},"end":{"line":154,"column":84}},"type":"cond-expr","locations":[{"start":{"line":154,"column":50},"end":{"line":154,"column":78}},{"start":{"line":154,"column":80},"end":{"line":154,"column":84}}]},"11":{"loc":{"start":{"line":157,"column":22},"end":{"line":157,"column":78}},"type":"cond-expr","locations":[{"start":{"line":157,"column":52},"end":{"line":157,"column":71}},{"start":{"line":157,"column":74},"end":{"line":157,"column":78}}]},"12":{"loc":{"start":{"line":173,"column":2},"end":{"line":173,"column":null}},"type":"if","locations":[{"start":{"line":173,"column":2},"end":{"line":173,"column":null}}]},"13":{"loc":{"start":{"line":174,"column":2},"end":{"line":174,"column":null}},"type":"if","locations":[{"start":{"line":174,"column":2},"end":{"line":174,"column":null}}]},"14":{"loc":{"start":{"line":190,"column":18},"end":{"line":190,"column":85}},"type":"cond-expr","locations":[{"start":{"line":190,"column":32},"end":{"line":190,"column":33}},{"start":{"line":190,"column":36},"end":{"line":190,"column":85}}]},"15":{"loc":{"start":{"line":219,"column":2},"end":{"line":223,"column":3}},"type":"if","locations":[{"start":{"line":219,"column":2},"end":{"line":223,"column":3}}]},"16":{"loc":{"start":{"line":219,"column":6},"end":{"line":219,"column":36}},"type":"binary-expr","locations":[{"start":{"line":219,"column":6},"end":{"line":219,"column":18}},{"start":{"line":219,"column":22},"end":{"line":219,"column":36}}]},"17":{"loc":{"start":{"line":220,"column":18},"end":{"line":220,"column":64}},"type":"cond-expr","locations":[{"start":{"line":220,"column":48},"end":{"line":220,"column":53}},{"start":{"line":220,"column":56},"end":{"line":220,"column":64}}]},"18":{"loc":{"start":{"line":226,"column":2},"end":{"line":228,"column":3}},"type":"if","locations":[{"start":{"line":226,"column":2},"end":{"line":228,"column":3}}]},"19":{"loc":{"start":{"line":226,"column":6},"end":{"line":226,"column":36}},"type":"binary-expr","locations":[{"start":{"line":226,"column":6},"end":{"line":226,"column":19}},{"start":{"line":226,"column":23},"end":{"line":226,"column":36}}]},"20":{"loc":{"start":{"line":227,"column":16},"end":{"line":227,"column":62}},"type":"cond-expr","locations":[{"start":{"line":227,"column":46},"end":{"line":227,"column":54}},{"start":{"line":227,"column":57},"end":{"line":227,"column":62}}]},"21":{"loc":{"start":{"line":231,"column":2},"end":{"line":235,"column":3}},"type":"if","locations":[{"start":{"line":231,"column":2},"end":{"line":235,"column":3}},{"start":{"line":233,"column":9},"end":{"line":235,"column":3}}]},"22":{"loc":{"start":{"line":231,"column":6},"end":{"line":231,"column":42}},"type":"binary-expr","locations":[{"start":{"line":231,"column":6},"end":{"line":231,"column":18}},{"start":{"line":231,"column":22},"end":{"line":231,"column":42}}]},"23":{"loc":{"start":{"line":233,"column":9},"end":{"line":235,"column":3}},"type":"if","locations":[{"start":{"line":233,"column":9},"end":{"line":235,"column":3}}]},"24":{"loc":{"start":{"line":260,"column":4},"end":{"line":260,"column":34}},"type":"if","locations":[{"start":{"line":260,"column":4},"end":{"line":260,"column":34}}]},"25":{"loc":{"start":{"line":274,"column":2},"end":{"line":274,"column":54}},"type":"if","locations":[{"start":{"line":274,"column":2},"end":{"line":274,"column":54}}]},"26":{"loc":{"start":{"line":275,"column":9},"end":{"line":275,"column":57}},"type":"cond-expr","locations":[{"start":{"line":275,"column":44},"end":{"line":275,"column":50}},{"start":{"line":275,"column":53},"end":{"line":275,"column":57}}]},"27":{"loc":{"start":{"line":284,"column":9},"end":{"line":284,"column":59}},"type":"cond-expr","locations":[{"start":{"line":284,"column":43},"end":{"line":284,"column":48}},{"start":{"line":284,"column":51},"end":{"line":284,"column":59}}]}},"s":{"0":1,"1":1,"2":1,"3":1,"4":1,"5":1,"6":1,"7":1,"8":1,"9":3,"10":3,"11":3,"12":3,"13":3,"14":2,"15":2,"16":2,"17":2,"18":2,"19":2,"20":3,"21":3,"22":2,"23":2,"24":2,"25":2,"26":2,"27":2,"28":2,"29":2,"30":2,"31":2,"32":1,"33":4,"34":1,"35":1,"36":1,"37":5,"38":5,"39":5,"40":5,"41":5,"42":3,"43":1,"44":1,"45":1,"46":5,"47":1,"48":0,"49":0,"50":1,"51":1,"52":1,"53":1,"54":1,"55":1,"56":1,"57":1,"58":1,"59":1,"60":1,"61":1,"62":1,"63":1,"64":3,"65":3,"66":1,"67":1,"68":1,"69":3,"70":1,"71":3,"72":2,"73":1,"74":1,"75":3,"76":1,"77":1,"78":1,"79":1,"80":1,"81":1,"82":1,"83":2,"84":1,"85":1,"86":1,"87":1,"88":1,"89":2,"90":2,"91":1,"92":1,"93":1,"94":0,"95":0,"96":0,"97":0,"98":0,"99":0},"f":{"0":3,"1":2,"2":2,"3":1,"4":4,"5":5,"6":5,"7":1,"8":3,"9":1,"10":2,"11":1,"12":0,"13":0},"b":{"0":[3,2],"1":[2,1],"2":[2,0],"3":[2,0],"4":[1],"5":[1],"6":[2,0],"7":[3],"8":[1,0],"9":[5,0],"10":[1,0],"11":[0,0],"12":[0],"13":[0],"14":[0,1],"15":[1],"16":[3,2],"17":[1,0],"18":[1],"19":[3,1],"20":[1,0],"21":[2,1],"22":[3,2],"23":[1],"24":[1],"25":[0],"26":[0,0],"27":[0,0]}}
,"/Users/conor/Development/Crucai/src/useScrollTracker/utils/initialState.ts": {"path":"/Users/conor/Development/Crucai/src/useScrollTracker/utils/initialState.ts","statementMap":{"0":{"start":{"line":6,"column":13},"end":{"line":63,"column":2}}},"fnMap":{},"branchMap":{},"s":{"0":1},"f":{},"b":{}}
,"/Users/conor/Development/Crucai/src/useScrollTracker/utils/performance.ts": {"path":"/Users/conor/Development/Crucai/src/useScrollTracker/utils/performance.ts","statementMap":{"0":{"start":{"line":6,"column":0},"end":{"line":6,"column":16}},"1":{"start":{"line":25,"column":0},"end":{"line":25,"column":16}},"2":{"start":{"line":58,"column":0},"end":{"line":58,"column":16}},"3":{"start":{"line":89,"column":0},"end":{"line":89,"column":16}},"4":{"start":{"line":96,"column":0},"end":{"line":96,"column":16}},"5":{"start":{"line":103,"column":0},"end":{"line":103,"column":16}},"6":{"start":{"line":7,"column":54},"end":{"line":7,"column":58}},"7":{"start":{"line":9,"column":2},"end":{"line":17,"column":9}},"8":{"start":{"line":9,"column":33},"end":{"line":9,"column":55}},"9":{"start":{"line":11,"column":20},"end":{"line":11,"column":24}},"10":{"start":{"line":12,"column":4},"end":{"line":12,"column":39}},"11":{"start":{"line":12,"column":17},"end":{"line":12,"column":39}},"12":{"start":{"line":14,"column":4},"end":{"line":16,"column":13}},"13":{"start":{"line":15,"column":6},"end":{"line":15,"column":32}},"14":{"start":{"line":26,"column":19},"end":{"line":26,"column":24}},"15":{"start":{"line":30,"column":2},"end":{"line":51,"column":9}},"16":{"start":{"line":30,"column":33},"end":{"line":30,"column":55}},"17":{"start":{"line":32,"column":20},"end":{"line":32,"column":24}},"18":{"start":{"line":34,"column":4},"end":{"line":50,"column":5}},"19":{"start":{"line":35,"column":6},"end":{"line":35,"column":32}},"20":{"start":{"line":36,"column":6},"end":{"line":36,"column":27}},"21":{"start":{"line":37,"column":6},"end":{"line":37,"column":24}},"22":{"start":{"line":39,"column":6},"end":{"line":41,"column":16}},"23":{"start":{"line":40,"column":8},"end":{"line":40,"column":27}},"24":{"start":{"line":43,"column":6},"end":{"line":43,"column":29}},"25":{"start":{"line":44,"column":6},"end":{"line":49,"column":41}},"26":{"start":{"line":45,"column":8},"end":{"line":48,"column":9}},"27":{"start":{"line":46,"column":10},"end":{"line":46,"column":36}},"28":{"start":{"line":47,"column":10},"end":{"line":47,"column":31}},"29":{"start":{"line":59,"column":33},"end":{"line":59,"column":37}},"30":{"start":{"line":62,"column":16},"end":{"line":62,"column":null}},"31":{"start":{"line":62,"column":38},"end":{"line":65,"column":4}},"32":{"start":{"line":63,"column":4},"end":{"line":63,"column":21}},"33":{"start":{"line":64,"column":4},"end":{"line":64,"column":38}},"34":{"start":{"line":68,"column":20},"end":{"line":73,"column":44}},"35":{"start":{"line":68,"column":44},"end":{"line":68,"column":66}},"36":{"start":{"line":69,"column":4},"end":{"line":69,"column":20}},"37":{"start":{"line":70,"column":4},"end":{"line":72,"column":5}},"38":{"start":{"line":71,"column":6},"end":{"line":71,"column":53}},"39":{"start":{"line":76,"column":2},"end":{"line":81,"column":4}},"40":{"start":{"line":77,"column":4},"end":{"line":80,"column":5}},"41":{"start":{"line":78,"column":6},"end":{"line":78,"column":38}},"42":{"start":{"line":79,"column":6},"end":{"line":79,"column":23}},"43":{"start":{"line":83,"column":2},"end":{"line":83,"column":19}},"44":{"start":{"line":90,"column":2},"end":{"line":90,"column":39}},"45":{"start":{"line":97,"column":2},"end":{"line":97,"column":57}},"46":{"start":{"line":104,"column":2},"end":{"line":104,"column":51}}},"fnMap":{"0":{"name":"debounce","decl":{"start":{"line":6,"column":16},"end":{"line":6,"column":24}},"loc":{"start":{"line":6,"column":89},"end":{"line":18,"column":1}}},"1":{"name":"(anonymous_1)","decl":{"start":{"line":9,"column":9},"end":{"line":9,"column":33}},"loc":{"start":{"line":9,"column":9},"end":{"line":17,"column":8}}},"2":{"name":"(anonymous_2)","decl":{"start":{"line":14,"column":25},"end":{"line":14,"column":null}},"loc":{"start":{"line":14,"column":25},"end":{"line":16,"column":5}}},"3":{"name":"throttle","decl":{"start":{"line":25,"column":16},"end":{"line":25,"column":24}},"loc":{"start":{"line":25,"column":90},"end":{"line":52,"column":1}}},"4":{"name":"(anonymous_4)","decl":{"start":{"line":30,"column":9},"end":{"line":30,"column":33}},"loc":{"start":{"line":30,"column":9},"end":{"line":51,"column":8}}},"5":{"name":"(anonymous_5)","decl":{"start":{"line":39,"column":17},"end":{"line":39,"column":null}},"loc":{"start":{"line":39,"column":17},"end":{"line":41,"column":7}}},"6":{"name":"(anonymous_6)","decl":{"start":{"line":44,"column":28},"end":{"line":44,"column":null}},"loc":{"start":{"line":44,"column":28},"end":{"line":49,"column":7}}},"7":{"name":"rafThrottle","decl":{"start":{"line":58,"column":16},"end":{"line":58,"column":27}},"loc":{"start":{"line":58,"column":82},"end":{"line":84,"column":1}}},"8":{"name":"(anonymous_8)","decl":{"start":{"line":62,"column":16},"end":{"line":62,"column":17}},"loc":{"start":{"line":62,"column":33},"end":{"line":62,"column":null}}},"9":{"name":"(anonymous_9)","decl":{"start":{"line":62,"column":38},"end":{"line":62,"column":null}},"loc":{"start":{"line":62,"column":38},"end":{"line":65,"column":3}}},"10":{"name":"(anonymous_10)","decl":{"start":{"line":68,"column":20},"end":{"line":68,"column":44}},"loc":{"start":{"line":68,"column":20},"end":{"line":73,"column":44}}},"11":{"name":"(anonymous_11)","decl":{"start":{"line":76,"column":21},"end":{"line":76,"column":null}},"loc":{"start":{"line":76,"column":21},"end":{"line":81,"column":3}}},"12":{"name":"isBrowser","decl":{"start":{"line":89,"column":16},"end":{"line":89,"column":25}},"loc":{"start":{"line":89,"column":25},"end":{"line":91,"column":1}}},"13":{"name":"hasIntersectionObserver","decl":{"start":{"line":96,"column":16},"end":{"line":96,"column":39}},"loc":{"start":{"line":96,"column":39},"end":{"line":98,"column":1}}},"14":{"name":"hasResizeObserver","decl":{"start":{"line":103,"column":16},"end":{"line":103,"column":33}},"loc":{"start":{"line":103,"column":33},"end":{"line":105,"column":1}}}},"branchMap":{"0":{"loc":{"start":{"line":12,"column":4},"end":{"line":12,"column":39}},"type":"if","locations":[{"start":{"line":12,"column":4},"end":{"line":12,"column":39}}]},"1":{"loc":{"start":{"line":34,"column":4},"end":{"line":50,"column":5}},"type":"if","locations":[{"start":{"line":34,"column":4},"end":{"line":50,"column":5}},{"start":{"line":42,"column":11},"end":{"line":50,"column":5}}]},"2":{"loc":{"start":{"line":45,"column":8},"end":{"line":48,"column":9}},"type":"if","locations":[{"start":{"line":45,"column":8},"end":{"line":48,"column":9}}]},"3":{"loc":{"start":{"line":70,"column":4},"end":{"line":72,"column":5}},"type":"if","locations":[{"start":{"line":70,"column":4},"end":{"line":72,"column":5}}]},"4":{"loc":{"start":{"line":77,"column":4},"end":{"line":80,"column":5}},"type":"if","locations":[{"start":{"line":77,"column":4},"end":{"line":80,"column":5}}]},"5":{"loc":{"start":{"line":97,"column":9},"end":{"line":97,"column":56}},"type":"binary-expr","locations":[{"start":{"line":97,"column":9},"end":{"line":97,"column":20}},{"start":{"line":97,"column":24},"end":{"line":97,"column":56}}]},"6":{"loc":{"start":{"line":104,"column":9},"end":{"line":104,"column":50}},"type":"binary-expr","locations":[{"start":{"line":104,"column":9},"end":{"line":104,"column":20}},{"start":{"line":104,"column":24},"end":{"line":104,"column":50}}]}},"s":{"0":1,"1":1,"2":1,"3":1,"4":1,"5":1,"6":2,"7":2,"8":0,"9":0,"10":0,"11":0,"12":0,"13":0,"14":0,"15":0,"16":0,"17":0,"18":0,"19":0,"20":0,"21":0,"22":0,"23":0,"24":0,"25":0,"26":0,"27":0,"28":0,"29":0,"30":0,"31":0,"32":0,"33":0,"34":0,"35":0,"36":0,"37":0,"38":0,"39":0,"40":0,"41":0,"42":0,"43":0,"44":2,"45":0,"46":0},"f":{"0":2,"1":0,"2":0,"3":0,"4":0,"5":0,"6":0,"7":0,"8":0,"9":0,"10":0,"11":0,"12":2,"13":0,"14":0},"b":{"0":[0],"1":[0,0],"2":[0],"3":[0],"4":[0],"5":[0,0],"6":[0,0]}}
}
